2022-02-24 23:59:48 INFO  Base:35 - Remote WebDriver capability instantiation
2022-02-25 00:00:03 INFO  Base:55 - Remote WebDriver is instantiated
2022-02-25 00:00:03 INFO  Base:104 - Launched chrome browser
2022-02-25 00:00:07 INFO  Base:154 - Waiting for 1 seconds to launch the URL
2022-02-25 00:00:08 INFO  Base:156 - Enter the URL 'https://www.bcferries.com/'
2022-02-25 00:01:23 INFO  Base:539 - no such element: Unable to locate element: {"method":"xpath","selector":"//*[@class='popoverThis btn btn-plus y_outboundPassengerQtySelectorPlus y_senior']"}
  (Session info: chrome=96.0.4664.104)
  (Driver info: chromedriver=96.0.4664.45 (76e4c1bb2ab4671b8beba3444e61c0f17584b2fc-refs/branch-heads/4664@{#947}),platform=Linux 4.1.13-101.fc21.x86_64 x86_64) (WARNING: The server did not provide any stacktrace information)
Command duration or timeout: 10.83 seconds
For documentation on this error, please visit: http://seleniumhq.org/exceptions/no_such_element.html
Build info: version: '3.5.2', revision: '10229a9', time: '2017-08-21T17:29:55.15Z'
System info: host: 'DESKTOP-2Q44BFK', ip: '192.168.1.11', os.name: 'Windows 10', os.arch: 'amd64', os.version: '10.0', java.version: '1.8.0_291'
Driver info: org.openqa.selenium.remote.RemoteWebDriver
Capabilities [{appPackage=com.android.chrome, chromedriverPorts=[[18122.0, 18132.0]], deviceName=R5CN211THBN, acceptSslCerts=false, webStorageEnabled=false, acceptSslCert=false, browserName=chrome, javascriptEnabled=true, real_mobile=true, skipServerInstallation=true, 64bit=false, enablePerformanceLogging=false, systemPort=8202.0, chromedriverPort=18082.0, new_bucketing=true, version=, appActivity=com.google.android.apps.chrome.Main, browser_name=Android, realMobile=true, pixelRatio=2.8125, deviceScreenDensity=450.0, device=Samsung Galaxy S20 Plus, browserstack.is_hub_canary=false, statBarHeight=72.0, loggingPrefs={browser=SEVERE}, viewportRect={top=72.0, left=0.0, width=1080.0, height=2120.0}, platform=ANDROID, deviceUDID=R5CN211THBN, osVersion=10.0, detected_language=Apache-HttpClient/4.5.3 (Java/1.8.0_291), newCommandTimeout=0.0, browser=chrome_android, platformVersion=10, takesScreenshot=true, udid=R5CN211THBN, platformName=Android, deviceApiLevel=29.0, deviceManufacturer=samsung, deviceScreenSize=1080x2400, networkConnectionEnabled=true, orientation=PORTRAIT, warnings={}, os_version=10.0, browserstack.appium_version=1.17.0, mobile={browser=mobile, version=Samsung Galaxy S20 Plus-10.0}, databaseEnabled=false, orig_os=android, locationContextEnabled=false, deviceOrientation=portrait, deviceModel=SM-G986B, chromeOptions={args=[--proxy-bypass-list=<-loopback>, test-type, --proxy-server=http://85.209.178.9:26082, --disable-features=Translate], w3c=false}}]
Session ID: c95d8773a3d3148f99547f1ab4c667f9ff86f43b
*** Element info: {Using=xpath, value=//*[@class='popoverThis btn btn-plus y_outboundPassengerQtySelectorPlus y_senior']}
2022-02-25 00:01:23 INFO  Base:540 - Exception: 2x BC Resident Seniors in Passengers Page is not Incremented
2022-02-25 00:01:35 INFO  Base:617 - Session not started or terminated (WARNING: The server did not provide any stacktrace information)
Command duration or timeout: 10.68 seconds
Build info: version: '3.5.2', revision: '10229a9', time: '2017-08-21T17:29:55.15Z'
System info: host: 'DESKTOP-2Q44BFK', ip: '192.168.1.11', os.name: 'Windows 10', os.arch: 'amd64', os.version: '10.0', java.version: '1.8.0_291'
Driver info: org.openqa.selenium.remote.RemoteWebDriver
Capabilities [{appPackage=com.android.chrome, chromedriverPorts=[[18122.0, 18132.0]], deviceName=R5CN211THBN, acceptSslCerts=false, webStorageEnabled=false, acceptSslCert=false, browserName=chrome, javascriptEnabled=true, real_mobile=true, skipServerInstallation=true, 64bit=false, enablePerformanceLogging=false, systemPort=8202.0, chromedriverPort=18082.0, new_bucketing=true, version=, appActivity=com.google.android.apps.chrome.Main, browser_name=Android, realMobile=true, pixelRatio=2.8125, deviceScreenDensity=450.0, device=Samsung Galaxy S20 Plus, browserstack.is_hub_canary=false, statBarHeight=72.0, loggingPrefs={browser=SEVERE}, viewportRect={top=72.0, left=0.0, width=1080.0, height=2120.0}, platform=ANDROID, deviceUDID=R5CN211THBN, osVersion=10.0, detected_language=Apache-HttpClient/4.5.3 (Java/1.8.0_291), newCommandTimeout=0.0, browser=chrome_android, platformVersion=10, takesScreenshot=true, udid=R5CN211THBN, platformName=Android, deviceApiLevel=29.0, deviceManufacturer=samsung, deviceScreenSize=1080x2400, networkConnectionEnabled=true, orientation=PORTRAIT, warnings={}, os_version=10.0, browserstack.appium_version=1.17.0, mobile={browser=mobile, version=Samsung Galaxy S20 Plus-10.0}, databaseEnabled=false, orig_os=android, locationContextEnabled=false, deviceOrientation=portrait, deviceModel=SM-G986B, chromeOptions={args=[--proxy-bypass-list=<-loopback>, test-type, --proxy-server=http://85.209.178.9:26082, --disable-features=Translate], w3c=false}}]
Session ID: c95d8773a3d3148f99547f1ab4c667f9ff86f43b
*** Element info: {Using=xpath, value=//*[@id='proceed_to_vehicle_selection_btn_div']/button}
2022-02-25 00:01:35 INFO  Base:618 - Exception: Clicking Continue in Passengers Page
2022-02-25 00:01:39 INFO  Base:929 - A session is either terminated or not started (WARNING: The server did not provide any stacktrace information)
Command duration or timeout: 2.44 seconds
Build info: version: '3.5.2', revision: '10229a9', time: '2017-08-21T17:29:55.15Z'
System info: host: 'DESKTOP-2Q44BFK', ip: '192.168.1.11', os.name: 'Windows 10', os.arch: 'amd64', os.version: '10.0', java.version: '1.8.0_291'
Driver info: org.openqa.selenium.remote.RemoteWebDriver
Capabilities [{appPackage=com.android.chrome, chromedriverPorts=[[18122.0, 18132.0]], deviceName=R5CN211THBN, acceptSslCerts=false, webStorageEnabled=false, acceptSslCert=false, browserName=chrome, javascriptEnabled=true, real_mobile=true, skipServerInstallation=true, 64bit=false, enablePerformanceLogging=false, systemPort=8202.0, chromedriverPort=18082.0, new_bucketing=true, version=, appActivity=com.google.android.apps.chrome.Main, browser_name=Android, realMobile=true, pixelRatio=2.8125, deviceScreenDensity=450.0, device=Samsung Galaxy S20 Plus, browserstack.is_hub_canary=false, statBarHeight=72.0, loggingPrefs={browser=SEVERE}, viewportRect={top=72.0, left=0.0, width=1080.0, height=2120.0}, platform=ANDROID, deviceUDID=R5CN211THBN, osVersion=10.0, detected_language=Apache-HttpClient/4.5.3 (Java/1.8.0_291), newCommandTimeout=0.0, browser=chrome_android, platformVersion=10, takesScreenshot=true, udid=R5CN211THBN, platformName=Android, deviceApiLevel=29.0, deviceManufacturer=samsung, deviceScreenSize=1080x2400, networkConnectionEnabled=true, orientation=PORTRAIT, warnings={}, os_version=10.0, browserstack.appium_version=1.17.0, mobile={browser=mobile, version=Samsung Galaxy S20 Plus-10.0}, databaseEnabled=false, orig_os=android, locationContextEnabled=false, deviceOrientation=portrait, deviceModel=SM-G986B, chromeOptions={args=[--proxy-bypass-list=<-loopback>, test-type, --proxy-server=http://85.209.178.9:26082, --disable-features=Translate], w3c=false}}]
Session ID: c95d8773a3d3148f99547f1ab4c667f9ff86f43b
*** Element info: {Using=xpath, value=//*[@id='over7Height_0']}
2022-02-25 00:01:39 INFO  Base:930 - Exception: Vehicle Over 7ft Height in Vehicle Selection Page is Selected
2022-02-25 00:01:42 INFO  Base:945 - A session is either terminated or not started (WARNING: The server did not provide any stacktrace information)
Command duration or timeout: 724 milliseconds
Build info: version: '3.5.2', revision: '10229a9', time: '2017-08-21T17:29:55.15Z'
System info: host: 'DESKTOP-2Q44BFK', ip: '192.168.1.11', os.name: 'Windows 10', os.arch: 'amd64', os.version: '10.0', java.version: '1.8.0_291'
Driver info: org.openqa.selenium.remote.RemoteWebDriver
Capabilities [{appPackage=com.android.chrome, chromedriverPorts=[[18122.0, 18132.0]], deviceName=R5CN211THBN, acceptSslCerts=false, webStorageEnabled=false, acceptSslCert=false, browserName=chrome, javascriptEnabled=true, real_mobile=true, skipServerInstallation=true, 64bit=false, enablePerformanceLogging=false, systemPort=8202.0, chromedriverPort=18082.0, new_bucketing=true, version=, appActivity=com.google.android.apps.chrome.Main, browser_name=Android, realMobile=true, pixelRatio=2.8125, deviceScreenDensity=450.0, device=Samsung Galaxy S20 Plus, browserstack.is_hub_canary=false, statBarHeight=72.0, loggingPrefs={browser=SEVERE}, viewportRect={top=72.0, left=0.0, width=1080.0, height=2120.0}, platform=ANDROID, deviceUDID=R5CN211THBN, osVersion=10.0, detected_language=Apache-HttpClient/4.5.3 (Java/1.8.0_291), newCommandTimeout=0.0, browser=chrome_android, platformVersion=10, takesScreenshot=true, udid=R5CN211THBN, platformName=Android, deviceApiLevel=29.0, deviceManufacturer=samsung, deviceScreenSize=1080x2400, networkConnectionEnabled=true, orientation=PORTRAIT, warnings={}, os_version=10.0, browserstack.appium_version=1.17.0, mobile={browser=mobile, version=Samsung Galaxy S20 Plus-10.0}, databaseEnabled=false, orig_os=android, locationContextEnabled=false, deviceOrientation=portrait, deviceModel=SM-G986B, chromeOptions={args=[--proxy-bypass-list=<-loopback>, test-type, --proxy-server=http://85.209.178.9:26082, --disable-features=Translate], w3c=false}}]
Session ID: c95d8773a3d3148f99547f1ab4c667f9ff86f43b
*** Element info: {Using=xpath, value=//*[@id='over20Length_0']}
2022-02-25 00:01:42 INFO  Base:946 - Exception: Vehicle Over 20ft Length is not Selected
