2021-12-20 18:23:56 INFO  Base:35 - Remote WebDriver capability instantiation
2021-12-20 18:24:08 INFO  Base:55 - Remote WebDriver is instantiated
2021-12-20 18:24:08 INFO  Base:104 - Launched chrome browser
2021-12-20 18:24:09 INFO  Base:154 - Waiting for 1 seconds to launch the URL
2021-12-20 18:24:10 INFO  Base:156 - Enter the URL 'https://www.bcferries.com/'
2021-12-20 18:25:16 INFO  Base:103 - 
2021-12-20 18:25:16 INFO  Base:104 - Exception: Select Return Date of Travel
2021-12-20 18:25:34 INFO  Base:137 - no such element: Unable to locate element: {"method":"xpath","selector":"//button[@class=" btn btn-plus y_outboundPassengerQtySelectorPlus y_adult"]"}
  (Session info: chrome=94.0.4606.61)
  (Driver info: chromedriver=94.0.4606.61 (418b78f5838ed0b1c69bb4e51ea0252171854915-refs/branch-heads/4606@{#1204}),platform=Linux 4.1.13-101.fc21.x86_64 x86_64) (WARNING: The server did not provide any stacktrace information)
Command duration or timeout: 10.35 seconds
For documentation on this error, please visit: http://seleniumhq.org/exceptions/no_such_element.html
Build info: version: '3.5.2', revision: '10229a9', time: '2017-08-21T17:29:55.15Z'
System info: host: 'BCFS33487', ip: '172.16.193.77', os.name: 'Windows 10', os.arch: 'amd64', os.version: '10.0', java.version: '1.8.0_291'
Driver info: org.openqa.selenium.remote.RemoteWebDriver
Capabilities [{appPackage=com.android.chrome, chromedriverPorts=[[18111.0, 18121.0]], deviceName=R5CN21214HA, acceptSslCerts=false, webStorageEnabled=false, acceptSslCert=false, browserName=chrome, javascriptEnabled=true, real_mobile=true, skipServerInstallation=true, 64bit=false, enablePerformanceLogging=false, systemPort=8201.0, chromedriverPort=18081.0, new_bucketing=true, version=, appActivity=com.google.android.apps.chrome.Main, browser_name=Android, realMobile=true, pixelRatio=2.8125, deviceScreenDensity=450.0, device=Samsung Galaxy S20 Plus, browserstack.is_hub_canary=false, statBarHeight=72.0, loggingPrefs={browser=SEVERE}, viewportRect={top=72.0, left=0.0, width=1080.0, height=2120.0}, platform=ANDROID, deviceUDID=R5CN21214HA, osVersion=10.0, detected_language=Apache-HttpClient/4.5.3 (Java/1.8.0_291), newCommandTimeout=0.0, browser=chrome_android, platformVersion=10, takesScreenshot=true, udid=R5CN21214HA, platformName=Android, deviceApiLevel=29.0, deviceManufacturer=samsung, deviceScreenSize=1080x2400, networkConnectionEnabled=true, orientation=PORTRAIT, warnings={}, os_version=10.0, browserstack.appium_version=1.17.0, mobile={browser=mobile, version=Samsung Galaxy S20 Plus-10.0}, databaseEnabled=false, orig_os=android, locationContextEnabled=false, deviceOrientation=portrait, deviceModel=SM-G986B, chromeOptions={args=[--proxy-bypass-list=<-loopback>, test-type, --proxy-server=http://65.74.144.35:26081, --disable-features=Translate], w3c=false}}]
Session ID: bf18bde0bb2129d3144b4a14e6d44be3ffb92756
*** Element info: {Using=xpath, value=//button[@class=" btn btn-plus y_outboundPassengerQtySelectorPlus y_adult"]}
2021-12-20 18:25:34 INFO  Base:138 - Exception: Increment number of Adults travelling on Passengers Page
2021-12-20 18:25:46 INFO  Base:447 - no such element: Unable to locate element: {"method":"xpath","selector":"//*[@class='popoverThis btn btn-plus y_outboundPassengerQtySelectorPlus y_child']"}
  (Session info: chrome=94.0.4606.61)
  (Driver info: chromedriver=94.0.4606.61 (418b78f5838ed0b1c69bb4e51ea0252171854915-refs/branch-heads/4606@{#1204}),platform=Linux 4.1.13-101.fc21.x86_64 x86_64) (WARNING: The server did not provide any stacktrace information)
Command duration or timeout: 10.33 seconds
For documentation on this error, please visit: http://seleniumhq.org/exceptions/no_such_element.html
Build info: version: '3.5.2', revision: '10229a9', time: '2017-08-21T17:29:55.15Z'
System info: host: 'BCFS33487', ip: '172.16.193.77', os.name: 'Windows 10', os.arch: 'amd64', os.version: '10.0', java.version: '1.8.0_291'
Driver info: org.openqa.selenium.remote.RemoteWebDriver
Capabilities [{appPackage=com.android.chrome, chromedriverPorts=[[18111.0, 18121.0]], deviceName=R5CN21214HA, acceptSslCerts=false, webStorageEnabled=false, acceptSslCert=false, browserName=chrome, javascriptEnabled=true, real_mobile=true, skipServerInstallation=true, 64bit=false, enablePerformanceLogging=false, systemPort=8201.0, chromedriverPort=18081.0, new_bucketing=true, version=, appActivity=com.google.android.apps.chrome.Main, browser_name=Android, realMobile=true, pixelRatio=2.8125, deviceScreenDensity=450.0, device=Samsung Galaxy S20 Plus, browserstack.is_hub_canary=false, statBarHeight=72.0, loggingPrefs={browser=SEVERE}, viewportRect={top=72.0, left=0.0, width=1080.0, height=2120.0}, platform=ANDROID, deviceUDID=R5CN21214HA, osVersion=10.0, detected_language=Apache-HttpClient/4.5.3 (Java/1.8.0_291), newCommandTimeout=0.0, browser=chrome_android, platformVersion=10, takesScreenshot=true, udid=R5CN21214HA, platformName=Android, deviceApiLevel=29.0, deviceManufacturer=samsung, deviceScreenSize=1080x2400, networkConnectionEnabled=true, orientation=PORTRAIT, warnings={}, os_version=10.0, browserstack.appium_version=1.17.0, mobile={browser=mobile, version=Samsung Galaxy S20 Plus-10.0}, databaseEnabled=false, orig_os=android, locationContextEnabled=false, deviceOrientation=portrait, deviceModel=SM-G986B, chromeOptions={args=[--proxy-bypass-list=<-loopback>, test-type, --proxy-server=http://65.74.144.35:26081, --disable-features=Translate], w3c=false}}]
Session ID: bf18bde0bb2129d3144b4a14e6d44be3ffb92756
*** Element info: {Using=xpath, value=//*[@class='popoverThis btn btn-plus y_outboundPassengerQtySelectorPlus y_child']}
2021-12-20 18:25:46 INFO  Base:448 - Exception: Increment number of Children travelling on Passengers Page
2021-12-20 18:25:59 INFO  Base:492 - no such element: Unable to locate element: {"method":"xpath","selector":"//*[@class=' btn btn-plus y_outboundPassengerQtySelectorPlus y_infant']"}
  (Session info: chrome=94.0.4606.61)
  (Driver info: chromedriver=94.0.4606.61 (418b78f5838ed0b1c69bb4e51ea0252171854915-refs/branch-heads/4606@{#1204}),platform=Linux 4.1.13-101.fc21.x86_64 x86_64) (WARNING: The server did not provide any stacktrace information)
Command duration or timeout: 10.30 seconds
For documentation on this error, please visit: http://seleniumhq.org/exceptions/no_such_element.html
Build info: version: '3.5.2', revision: '10229a9', time: '2017-08-21T17:29:55.15Z'
System info: host: 'BCFS33487', ip: '172.16.193.77', os.name: 'Windows 10', os.arch: 'amd64', os.version: '10.0', java.version: '1.8.0_291'
Driver info: org.openqa.selenium.remote.RemoteWebDriver
Capabilities [{appPackage=com.android.chrome, chromedriverPorts=[[18111.0, 18121.0]], deviceName=R5CN21214HA, acceptSslCerts=false, webStorageEnabled=false, acceptSslCert=false, browserName=chrome, javascriptEnabled=true, real_mobile=true, skipServerInstallation=true, 64bit=false, enablePerformanceLogging=false, systemPort=8201.0, chromedriverPort=18081.0, new_bucketing=true, version=, appActivity=com.google.android.apps.chrome.Main, browser_name=Android, realMobile=true, pixelRatio=2.8125, deviceScreenDensity=450.0, device=Samsung Galaxy S20 Plus, browserstack.is_hub_canary=false, statBarHeight=72.0, loggingPrefs={browser=SEVERE}, viewportRect={top=72.0, left=0.0, width=1080.0, height=2120.0}, platform=ANDROID, deviceUDID=R5CN21214HA, osVersion=10.0, detected_language=Apache-HttpClient/4.5.3 (Java/1.8.0_291), newCommandTimeout=0.0, browser=chrome_android, platformVersion=10, takesScreenshot=true, udid=R5CN21214HA, platformName=Android, deviceApiLevel=29.0, deviceManufacturer=samsung, deviceScreenSize=1080x2400, networkConnectionEnabled=true, orientation=PORTRAIT, warnings={}, os_version=10.0, browserstack.appium_version=1.17.0, mobile={browser=mobile, version=Samsung Galaxy S20 Plus-10.0}, databaseEnabled=false, orig_os=android, locationContextEnabled=false, deviceOrientation=portrait, deviceModel=SM-G986B, chromeOptions={args=[--proxy-bypass-list=<-loopback>, test-type, --proxy-server=http://65.74.144.35:26081, --disable-features=Translate], w3c=false}}]
Session ID: bf18bde0bb2129d3144b4a14e6d44be3ffb92756
*** Element info: {Using=xpath, value=//*[@class=' btn btn-plus y_outboundPassengerQtySelectorPlus y_infant']}
2021-12-20 18:25:59 INFO  Base:493 - Exception: Increment number of Infants travelling on Passengers Page
2021-12-20 18:26:11 INFO  Base:509 - no such element: Unable to locate element: {"method":"xpath","selector":"//*[@id='proceed_to_vehicle_selection_btn_div']/button"}
  (Session info: chrome=94.0.4606.61)
  (Driver info: chromedriver=94.0.4606.61 (418b78f5838ed0b1c69bb4e51ea0252171854915-refs/branch-heads/4606@{#1204}),platform=Linux 4.1.13-101.fc21.x86_64 x86_64) (WARNING: The server did not provide any stacktrace information)
Command duration or timeout: 10.31 seconds
For documentation on this error, please visit: http://seleniumhq.org/exceptions/no_such_element.html
Build info: version: '3.5.2', revision: '10229a9', time: '2017-08-21T17:29:55.15Z'
System info: host: 'BCFS33487', ip: '172.16.193.77', os.name: 'Windows 10', os.arch: 'amd64', os.version: '10.0', java.version: '1.8.0_291'
Driver info: org.openqa.selenium.remote.RemoteWebDriver
Capabilities [{appPackage=com.android.chrome, chromedriverPorts=[[18111.0, 18121.0]], deviceName=R5CN21214HA, acceptSslCerts=false, webStorageEnabled=false, acceptSslCert=false, browserName=chrome, javascriptEnabled=true, real_mobile=true, skipServerInstallation=true, 64bit=false, enablePerformanceLogging=false, systemPort=8201.0, chromedriverPort=18081.0, new_bucketing=true, version=, appActivity=com.google.android.apps.chrome.Main, browser_name=Android, realMobile=true, pixelRatio=2.8125, deviceScreenDensity=450.0, device=Samsung Galaxy S20 Plus, browserstack.is_hub_canary=false, statBarHeight=72.0, loggingPrefs={browser=SEVERE}, viewportRect={top=72.0, left=0.0, width=1080.0, height=2120.0}, platform=ANDROID, deviceUDID=R5CN21214HA, osVersion=10.0, detected_language=Apache-HttpClient/4.5.3 (Java/1.8.0_291), newCommandTimeout=0.0, browser=chrome_android, platformVersion=10, takesScreenshot=true, udid=R5CN21214HA, platformName=Android, deviceApiLevel=29.0, deviceManufacturer=samsung, deviceScreenSize=1080x2400, networkConnectionEnabled=true, orientation=PORTRAIT, warnings={}, os_version=10.0, browserstack.appium_version=1.17.0, mobile={browser=mobile, version=Samsung Galaxy S20 Plus-10.0}, databaseEnabled=false, orig_os=android, locationContextEnabled=false, deviceOrientation=portrait, deviceModel=SM-G986B, chromeOptions={args=[--proxy-bypass-list=<-loopback>, test-type, --proxy-server=http://65.74.144.35:26081, --disable-features=Translate], w3c=false}}]
Session ID: bf18bde0bb2129d3144b4a14e6d44be3ffb92756
*** Element info: {Using=xpath, value=//*[@id='proceed_to_vehicle_selection_btn_div']/button}
2021-12-20 18:26:11 INFO  Base:510 - Exception: Click on Continue button for Passengers Page
2021-12-20 18:26:23 INFO  Base:542 - no such element: Unable to locate element: {"method":"xpath","selector":"//*[@id='under7Height_0']"}
  (Session info: chrome=94.0.4606.61)
  (Driver info: chromedriver=94.0.4606.61 (418b78f5838ed0b1c69bb4e51ea0252171854915-refs/branch-heads/4606@{#1204}),platform=Linux 4.1.13-101.fc21.x86_64 x86_64) (WARNING: The server did not provide any stacktrace information)
Command duration or timeout: 10.31 seconds
For documentation on this error, please visit: http://seleniumhq.org/exceptions/no_such_element.html
Build info: version: '3.5.2', revision: '10229a9', time: '2017-08-21T17:29:55.15Z'
System info: host: 'BCFS33487', ip: '172.16.193.77', os.name: 'Windows 10', os.arch: 'amd64', os.version: '10.0', java.version: '1.8.0_291'
Driver info: org.openqa.selenium.remote.RemoteWebDriver
Capabilities [{appPackage=com.android.chrome, chromedriverPorts=[[18111.0, 18121.0]], deviceName=R5CN21214HA, acceptSslCerts=false, webStorageEnabled=false, acceptSslCert=false, browserName=chrome, javascriptEnabled=true, real_mobile=true, skipServerInstallation=true, 64bit=false, enablePerformanceLogging=false, systemPort=8201.0, chromedriverPort=18081.0, new_bucketing=true, version=, appActivity=com.google.android.apps.chrome.Main, browser_name=Android, realMobile=true, pixelRatio=2.8125, deviceScreenDensity=450.0, device=Samsung Galaxy S20 Plus, browserstack.is_hub_canary=false, statBarHeight=72.0, loggingPrefs={browser=SEVERE}, viewportRect={top=72.0, left=0.0, width=1080.0, height=2120.0}, platform=ANDROID, deviceUDID=R5CN21214HA, osVersion=10.0, detected_language=Apache-HttpClient/4.5.3 (Java/1.8.0_291), newCommandTimeout=0.0, browser=chrome_android, platformVersion=10, takesScreenshot=true, udid=R5CN21214HA, platformName=Android, deviceApiLevel=29.0, deviceManufacturer=samsung, deviceScreenSize=1080x2400, networkConnectionEnabled=true, orientation=PORTRAIT, warnings={}, os_version=10.0, browserstack.appium_version=1.17.0, mobile={browser=mobile, version=Samsung Galaxy S20 Plus-10.0}, databaseEnabled=false, orig_os=android, locationContextEnabled=false, deviceOrientation=portrait, deviceModel=SM-G986B, chromeOptions={args=[--proxy-bypass-list=<-loopback>, test-type, --proxy-server=http://65.74.144.35:26081, --disable-features=Translate], w3c=false}}]
Session ID: bf18bde0bb2129d3144b4a14e6d44be3ffb92756
*** Element info: {Using=xpath, value=//*[@id='under7Height_0']}
2021-12-20 18:26:23 INFO  Base:543 - Exception: Select Vehicle height on Vehicle Selection Page
2021-12-20 18:26:36 INFO  Base:572 - no such element: Unable to locate element: {"method":"xpath","selector":"//*[@id='under20Length_0']"}
  (Session info: chrome=94.0.4606.61)
  (Driver info: chromedriver=94.0.4606.61 (418b78f5838ed0b1c69bb4e51ea0252171854915-refs/branch-heads/4606@{#1204}),platform=Linux 4.1.13-101.fc21.x86_64 x86_64) (WARNING: The server did not provide any stacktrace information)
Command duration or timeout: 10.28 seconds
For documentation on this error, please visit: http://seleniumhq.org/exceptions/no_such_element.html
Build info: version: '3.5.2', revision: '10229a9', time: '2017-08-21T17:29:55.15Z'
System info: host: 'BCFS33487', ip: '172.16.193.77', os.name: 'Windows 10', os.arch: 'amd64', os.version: '10.0', java.version: '1.8.0_291'
Driver info: org.openqa.selenium.remote.RemoteWebDriver
Capabilities [{appPackage=com.android.chrome, chromedriverPorts=[[18111.0, 18121.0]], deviceName=R5CN21214HA, acceptSslCerts=false, webStorageEnabled=false, acceptSslCert=false, browserName=chrome, javascriptEnabled=true, real_mobile=true, skipServerInstallation=true, 64bit=false, enablePerformanceLogging=false, systemPort=8201.0, chromedriverPort=18081.0, new_bucketing=true, version=, appActivity=com.google.android.apps.chrome.Main, browser_name=Android, realMobile=true, pixelRatio=2.8125, deviceScreenDensity=450.0, device=Samsung Galaxy S20 Plus, browserstack.is_hub_canary=false, statBarHeight=72.0, loggingPrefs={browser=SEVERE}, viewportRect={top=72.0, left=0.0, width=1080.0, height=2120.0}, platform=ANDROID, deviceUDID=R5CN21214HA, osVersion=10.0, detected_language=Apache-HttpClient/4.5.3 (Java/1.8.0_291), newCommandTimeout=0.0, browser=chrome_android, platformVersion=10, takesScreenshot=true, udid=R5CN21214HA, platformName=Android, deviceApiLevel=29.0, deviceManufacturer=samsung, deviceScreenSize=1080x2400, networkConnectionEnabled=true, orientation=PORTRAIT, warnings={}, os_version=10.0, browserstack.appium_version=1.17.0, mobile={browser=mobile, version=Samsung Galaxy S20 Plus-10.0}, databaseEnabled=false, orig_os=android, locationContextEnabled=false, deviceOrientation=portrait, deviceModel=SM-G986B, chromeOptions={args=[--proxy-bypass-list=<-loopback>, test-type, --proxy-server=http://65.74.144.35:26081, --disable-features=Translate], w3c=false}}]
Session ID: bf18bde0bb2129d3144b4a14e6d44be3ffb92756
*** Element info: {Using=xpath, value=//*[@id='under20Length_0']}
2021-12-20 18:26:36 INFO  Base:573 - Exception: Select Vehicle Length on Vehicle Selection Page
2021-12-20 18:26:48 INFO  Base:605 - no such element: Unable to locate element: {"method":"xpath","selector":"//button[@class='btn btn-primary btn-block fareFinderFindButton' ]"}
  (Session info: chrome=94.0.4606.61)
  (Driver info: chromedriver=94.0.4606.61 (418b78f5838ed0b1c69bb4e51ea0252171854915-refs/branch-heads/4606@{#1204}),platform=Linux 4.1.13-101.fc21.x86_64 x86_64) (WARNING: The server did not provide any stacktrace information)
Command duration or timeout: 10.28 seconds
For documentation on this error, please visit: http://seleniumhq.org/exceptions/no_such_element.html
Build info: version: '3.5.2', revision: '10229a9', time: '2017-08-21T17:29:55.15Z'
System info: host: 'BCFS33487', ip: '172.16.193.77', os.name: 'Windows 10', os.arch: 'amd64', os.version: '10.0', java.version: '1.8.0_291'
Driver info: org.openqa.selenium.remote.RemoteWebDriver
Capabilities [{appPackage=com.android.chrome, chromedriverPorts=[[18111.0, 18121.0]], deviceName=R5CN21214HA, acceptSslCerts=false, webStorageEnabled=false, acceptSslCert=false, browserName=chrome, javascriptEnabled=true, real_mobile=true, skipServerInstallation=true, 64bit=false, enablePerformanceLogging=false, systemPort=8201.0, chromedriverPort=18081.0, new_bucketing=true, version=, appActivity=com.google.android.apps.chrome.Main, browser_name=Android, realMobile=true, pixelRatio=2.8125, deviceScreenDensity=450.0, device=Samsung Galaxy S20 Plus, browserstack.is_hub_canary=false, statBarHeight=72.0, loggingPrefs={browser=SEVERE}, viewportRect={top=72.0, left=0.0, width=1080.0, height=2120.0}, platform=ANDROID, deviceUDID=R5CN21214HA, osVersion=10.0, detected_language=Apache-HttpClient/4.5.3 (Java/1.8.0_291), newCommandTimeout=0.0, browser=chrome_android, platformVersion=10, takesScreenshot=true, udid=R5CN21214HA, platformName=Android, deviceApiLevel=29.0, deviceManufacturer=samsung, deviceScreenSize=1080x2400, networkConnectionEnabled=true, orientation=PORTRAIT, warnings={}, os_version=10.0, browserstack.appium_version=1.17.0, mobile={browser=mobile, version=Samsung Galaxy S20 Plus-10.0}, databaseEnabled=false, orig_os=android, locationContextEnabled=false, deviceOrientation=portrait, deviceModel=SM-G986B, chromeOptions={args=[--proxy-bypass-list=<-loopback>, test-type, --proxy-server=http://65.74.144.35:26081, --disable-features=Translate], w3c=false}}]
Session ID: bf18bde0bb2129d3144b4a14e6d44be3ffb92756
*** Element info: {Using=xpath, value=//button[@class='btn btn-primary btn-block fareFinderFindButton' ]}
2021-12-20 18:26:48 INFO  Base:606 - Exception: Click on Continue button for Vehicles Page
2021-12-20 18:27:04 INFO  Base:621 - no such element: Unable to locate element: {"method":"xpath","selector":"(//button[@class='btn btn-primary view-fare-btn sailing-btn'])[1]"}
  (Session info: chrome=94.0.4606.61)
  (Driver info: chromedriver=94.0.4606.61 (418b78f5838ed0b1c69bb4e51ea0252171854915-refs/branch-heads/4606@{#1204}),platform=Linux 4.1.13-101.fc21.x86_64 x86_64) (WARNING: The server did not provide any stacktrace information)
Command duration or timeout: 10.26 seconds
For documentation on this error, please visit: http://seleniumhq.org/exceptions/no_such_element.html
Build info: version: '3.5.2', revision: '10229a9', time: '2017-08-21T17:29:55.15Z'
System info: host: 'BCFS33487', ip: '172.16.193.77', os.name: 'Windows 10', os.arch: 'amd64', os.version: '10.0', java.version: '1.8.0_291'
Driver info: org.openqa.selenium.remote.RemoteWebDriver
Capabilities [{appPackage=com.android.chrome, chromedriverPorts=[[18111.0, 18121.0]], deviceName=R5CN21214HA, acceptSslCerts=false, webStorageEnabled=false, acceptSslCert=false, browserName=chrome, javascriptEnabled=true, real_mobile=true, skipServerInstallation=true, 64bit=false, enablePerformanceLogging=false, systemPort=8201.0, chromedriverPort=18081.0, new_bucketing=true, version=, appActivity=com.google.android.apps.chrome.Main, browser_name=Android, realMobile=true, pixelRatio=2.8125, deviceScreenDensity=450.0, device=Samsung Galaxy S20 Plus, browserstack.is_hub_canary=false, statBarHeight=72.0, loggingPrefs={browser=SEVERE}, viewportRect={top=72.0, left=0.0, width=1080.0, height=2120.0}, platform=ANDROID, deviceUDID=R5CN21214HA, osVersion=10.0, detected_language=Apache-HttpClient/4.5.3 (Java/1.8.0_291), newCommandTimeout=0.0, browser=chrome_android, platformVersion=10, takesScreenshot=true, udid=R5CN21214HA, platformName=Android, deviceApiLevel=29.0, deviceManufacturer=samsung, deviceScreenSize=1080x2400, networkConnectionEnabled=true, orientation=PORTRAIT, warnings={}, os_version=10.0, browserstack.appium_version=1.17.0, mobile={browser=mobile, version=Samsung Galaxy S20 Plus-10.0}, databaseEnabled=false, orig_os=android, locationContextEnabled=false, deviceOrientation=portrait, deviceModel=SM-G986B, chromeOptions={args=[--proxy-bypass-list=<-loopback>, test-type, --proxy-server=http://65.74.144.35:26081, --disable-features=Translate], w3c=false}}]
Session ID: bf18bde0bb2129d3144b4a14e6d44be3ffb92756
*** Element info: {Using=xpath, value=(//button[@class='btn btn-primary view-fare-btn sailing-btn'])[1]}
2021-12-20 18:27:04 INFO  Base:622 - Exception: Select View Fares on Fare Selection Page
2021-12-20 18:27:17 INFO  Base:636 - no such element: Unable to locate element: {"method":"xpath","selector":"//*[@id="y_outbound"]/div/div/div[3]/div[1]/div[3]/div[2]/ul[1]/li/div[1]/div[2]/div/div/div/label"}
  (Session info: chrome=94.0.4606.61)
  (Driver info: chromedriver=94.0.4606.61 (418b78f5838ed0b1c69bb4e51ea0252171854915-refs/branch-heads/4606@{#1204}),platform=Linux 4.1.13-101.fc21.x86_64 x86_64) (WARNING: The server did not provide any stacktrace information)
Command duration or timeout: 10.32 seconds
For documentation on this error, please visit: http://seleniumhq.org/exceptions/no_such_element.html
Build info: version: '3.5.2', revision: '10229a9', time: '2017-08-21T17:29:55.15Z'
System info: host: 'BCFS33487', ip: '172.16.193.77', os.name: 'Windows 10', os.arch: 'amd64', os.version: '10.0', java.version: '1.8.0_291'
Driver info: org.openqa.selenium.remote.RemoteWebDriver
Capabilities [{appPackage=com.android.chrome, chromedriverPorts=[[18111.0, 18121.0]], deviceName=R5CN21214HA, acceptSslCerts=false, webStorageEnabled=false, acceptSslCert=false, browserName=chrome, javascriptEnabled=true, real_mobile=true, skipServerInstallation=true, 64bit=false, enablePerformanceLogging=false, systemPort=8201.0, chromedriverPort=18081.0, new_bucketing=true, version=, appActivity=com.google.android.apps.chrome.Main, browser_name=Android, realMobile=true, pixelRatio=2.8125, deviceScreenDensity=450.0, device=Samsung Galaxy S20 Plus, browserstack.is_hub_canary=false, statBarHeight=72.0, loggingPrefs={browser=SEVERE}, viewportRect={top=72.0, left=0.0, width=1080.0, height=2120.0}, platform=ANDROID, deviceUDID=R5CN21214HA, osVersion=10.0, detected_language=Apache-HttpClient/4.5.3 (Java/1.8.0_291), newCommandTimeout=0.0, browser=chrome_android, platformVersion=10, takesScreenshot=true, udid=R5CN21214HA, platformName=Android, deviceApiLevel=29.0, deviceManufacturer=samsung, deviceScreenSize=1080x2400, networkConnectionEnabled=true, orientation=PORTRAIT, warnings={}, os_version=10.0, browserstack.appium_version=1.17.0, mobile={browser=mobile, version=Samsung Galaxy S20 Plus-10.0}, databaseEnabled=false, orig_os=android, locationContextEnabled=false, deviceOrientation=portrait, deviceModel=SM-G986B, chromeOptions={args=[--proxy-bypass-list=<-loopback>, test-type, --proxy-server=http://65.74.144.35:26081, --disable-features=Translate], w3c=false}}]
Session ID: bf18bde0bb2129d3144b4a14e6d44be3ffb92756
*** Element info: {Using=xpath, value=//*[@id="y_outbound"]/div/div/div[3]/div[1]/div[3]/div[2]/ul[1]/li/div[1]/div[2]/div/div/div/label}
2021-12-20 18:27:17 INFO  Base:637 - Exception: Select Prepaid option on Fare Selection Page
2021-12-20 18:27:34 INFO  Base:828 - no such element: Unable to locate element: {"method":"xpath","selector":"(//button[@class='btn btn-primary view-fare-btn sailing-btn'])[1]"}
  (Session info: chrome=94.0.4606.61)
  (Driver info: chromedriver=94.0.4606.61 (418b78f5838ed0b1c69bb4e51ea0252171854915-refs/branch-heads/4606@{#1204}),platform=Linux 4.1.13-101.fc21.x86_64 x86_64) (WARNING: The server did not provide any stacktrace information)
Command duration or timeout: 10.26 seconds
For documentation on this error, please visit: http://seleniumhq.org/exceptions/no_such_element.html
Build info: version: '3.5.2', revision: '10229a9', time: '2017-08-21T17:29:55.15Z'
System info: host: 'BCFS33487', ip: '172.16.193.77', os.name: 'Windows 10', os.arch: 'amd64', os.version: '10.0', java.version: '1.8.0_291'
Driver info: org.openqa.selenium.remote.RemoteWebDriver
Capabilities [{appPackage=com.android.chrome, chromedriverPorts=[[18111.0, 18121.0]], deviceName=R5CN21214HA, acceptSslCerts=false, webStorageEnabled=false, acceptSslCert=false, browserName=chrome, javascriptEnabled=true, real_mobile=true, skipServerInstallation=true, 64bit=false, enablePerformanceLogging=false, systemPort=8201.0, chromedriverPort=18081.0, new_bucketing=true, version=, appActivity=com.google.android.apps.chrome.Main, browser_name=Android, realMobile=true, pixelRatio=2.8125, deviceScreenDensity=450.0, device=Samsung Galaxy S20 Plus, browserstack.is_hub_canary=false, statBarHeight=72.0, loggingPrefs={browser=SEVERE}, viewportRect={top=72.0, left=0.0, width=1080.0, height=2120.0}, platform=ANDROID, deviceUDID=R5CN21214HA, osVersion=10.0, detected_language=Apache-HttpClient/4.5.3 (Java/1.8.0_291), newCommandTimeout=0.0, browser=chrome_android, platformVersion=10, takesScreenshot=true, udid=R5CN21214HA, platformName=Android, deviceApiLevel=29.0, deviceManufacturer=samsung, deviceScreenSize=1080x2400, networkConnectionEnabled=true, orientation=PORTRAIT, warnings={}, os_version=10.0, browserstack.appium_version=1.17.0, mobile={browser=mobile, version=Samsung Galaxy S20 Plus-10.0}, databaseEnabled=false, orig_os=android, locationContextEnabled=false, deviceOrientation=portrait, deviceModel=SM-G986B, chromeOptions={args=[--proxy-bypass-list=<-loopback>, test-type, --proxy-server=http://65.74.144.35:26081, --disable-features=Translate], w3c=false}}]
Session ID: bf18bde0bb2129d3144b4a14e6d44be3ffb92756
*** Element info: {Using=xpath, value=(//button[@class='btn btn-primary view-fare-btn sailing-btn'])[1]}
2021-12-20 18:27:34 INFO  Base:829 - Exception: Select View Return Fares on Fare Selection Page
2021-12-20 18:27:47 INFO  Base:843 - no such element: Unable to locate element: {"method":"xpath","selector":"//*[@id="y_inbound"]/div/div/div[3]/div[1]/div[3]/div[2]/ul[1]/li/div[1]/div[2]/div/div/div/label"}
  (Session info: chrome=94.0.4606.61)
  (Driver info: chromedriver=94.0.4606.61 (418b78f5838ed0b1c69bb4e51ea0252171854915-refs/branch-heads/4606@{#1204}),platform=Linux 4.1.13-101.fc21.x86_64 x86_64) (WARNING: The server did not provide any stacktrace information)
Command duration or timeout: 10.31 seconds
For documentation on this error, please visit: http://seleniumhq.org/exceptions/no_such_element.html
Build info: version: '3.5.2', revision: '10229a9', time: '2017-08-21T17:29:55.15Z'
System info: host: 'BCFS33487', ip: '172.16.193.77', os.name: 'Windows 10', os.arch: 'amd64', os.version: '10.0', java.version: '1.8.0_291'
Driver info: org.openqa.selenium.remote.RemoteWebDriver
Capabilities [{appPackage=com.android.chrome, chromedriverPorts=[[18111.0, 18121.0]], deviceName=R5CN21214HA, acceptSslCerts=false, webStorageEnabled=false, acceptSslCert=false, browserName=chrome, javascriptEnabled=true, real_mobile=true, skipServerInstallation=true, 64bit=false, enablePerformanceLogging=false, systemPort=8201.0, chromedriverPort=18081.0, new_bucketing=true, version=, appActivity=com.google.android.apps.chrome.Main, browser_name=Android, realMobile=true, pixelRatio=2.8125, deviceScreenDensity=450.0, device=Samsung Galaxy S20 Plus, browserstack.is_hub_canary=false, statBarHeight=72.0, loggingPrefs={browser=SEVERE}, viewportRect={top=72.0, left=0.0, width=1080.0, height=2120.0}, platform=ANDROID, deviceUDID=R5CN21214HA, osVersion=10.0, detected_language=Apache-HttpClient/4.5.3 (Java/1.8.0_291), newCommandTimeout=0.0, browser=chrome_android, platformVersion=10, takesScreenshot=true, udid=R5CN21214HA, platformName=Android, deviceApiLevel=29.0, deviceManufacturer=samsung, deviceScreenSize=1080x2400, networkConnectionEnabled=true, orientation=PORTRAIT, warnings={}, os_version=10.0, browserstack.appium_version=1.17.0, mobile={browser=mobile, version=Samsung Galaxy S20 Plus-10.0}, databaseEnabled=false, orig_os=android, locationContextEnabled=false, deviceOrientation=portrait, deviceModel=SM-G986B, chromeOptions={args=[--proxy-bypass-list=<-loopback>, test-type, --proxy-server=http://65.74.144.35:26081, --disable-features=Translate], w3c=false}}]
Session ID: bf18bde0bb2129d3144b4a14e6d44be3ffb92756
*** Element info: {Using=xpath, value=//*[@id="y_inbound"]/div/div/div[3]/div[1]/div[3]/div[2]/ul[1]/li/div[1]/div[2]/div/div/div/label}
2021-12-20 18:27:47 INFO  Base:844 - Exception: Select Return Prepaid option on Fare Selection Page
2021-12-20 18:27:58 INFO  Base:653 - no such element: Unable to locate element: {"method":"xpath","selector":"//*[contains(text(),'Log in')]"}
  (Session info: chrome=94.0.4606.61)
  (Driver info: chromedriver=94.0.4606.61 (418b78f5838ed0b1c69bb4e51ea0252171854915-refs/branch-heads/4606@{#1204}),platform=Linux 4.1.13-101.fc21.x86_64 x86_64) (WARNING: The server did not provide any stacktrace information)
Command duration or timeout: 10.31 seconds
For documentation on this error, please visit: http://seleniumhq.org/exceptions/no_such_element.html
Build info: version: '3.5.2', revision: '10229a9', time: '2017-08-21T17:29:55.15Z'
System info: host: 'BCFS33487', ip: '172.16.193.77', os.name: 'Windows 10', os.arch: 'amd64', os.version: '10.0', java.version: '1.8.0_291'
Driver info: org.openqa.selenium.remote.RemoteWebDriver
Capabilities [{appPackage=com.android.chrome, chromedriverPorts=[[18111.0, 18121.0]], deviceName=R5CN21214HA, acceptSslCerts=false, webStorageEnabled=false, acceptSslCert=false, browserName=chrome, javascriptEnabled=true, real_mobile=true, skipServerInstallation=true, 64bit=false, enablePerformanceLogging=false, systemPort=8201.0, chromedriverPort=18081.0, new_bucketing=true, version=, appActivity=com.google.android.apps.chrome.Main, browser_name=Android, realMobile=true, pixelRatio=2.8125, deviceScreenDensity=450.0, device=Samsung Galaxy S20 Plus, browserstack.is_hub_canary=false, statBarHeight=72.0, loggingPrefs={browser=SEVERE}, viewportRect={top=72.0, left=0.0, width=1080.0, height=2120.0}, platform=ANDROID, deviceUDID=R5CN21214HA, osVersion=10.0, detected_language=Apache-HttpClient/4.5.3 (Java/1.8.0_291), newCommandTimeout=0.0, browser=chrome_android, platformVersion=10, takesScreenshot=true, udid=R5CN21214HA, platformName=Android, deviceApiLevel=29.0, deviceManufacturer=samsung, deviceScreenSize=1080x2400, networkConnectionEnabled=true, orientation=PORTRAIT, warnings={}, os_version=10.0, browserstack.appium_version=1.17.0, mobile={browser=mobile, version=Samsung Galaxy S20 Plus-10.0}, databaseEnabled=false, orig_os=android, locationContextEnabled=false, deviceOrientation=portrait, deviceModel=SM-G986B, chromeOptions={args=[--proxy-bypass-list=<-loopback>, test-type, --proxy-server=http://65.74.144.35:26081, --disable-features=Translate], w3c=false}}]
Session ID: bf18bde0bb2129d3144b4a14e6d44be3ffb92756
*** Element info: {Using=xpath, value=//*[contains(text(),'Log in')]}
2021-12-20 18:27:58 INFO  Base:654 - Exception: Verify if the User is on Fare Selection Review page
2021-12-20 18:28:11 INFO  Base:671 - no such element: Unable to locate element: {"method":"xpath","selector":"//*[@id="bookingReferenceForm"]/div[1]/div[2]/div[2]/div[1]/input"}
  (Session info: chrome=94.0.4606.61)
  (Driver info: chromedriver=94.0.4606.61 (418b78f5838ed0b1c69bb4e51ea0252171854915-refs/branch-heads/4606@{#1204}),platform=Linux 4.1.13-101.fc21.x86_64 x86_64) (WARNING: The server did not provide any stacktrace information)
Command duration or timeout: 10.27 seconds
For documentation on this error, please visit: http://seleniumhq.org/exceptions/no_such_element.html
Build info: version: '3.5.2', revision: '10229a9', time: '2017-08-21T17:29:55.15Z'
System info: host: 'BCFS33487', ip: '172.16.193.77', os.name: 'Windows 10', os.arch: 'amd64', os.version: '10.0', java.version: '1.8.0_291'
Driver info: org.openqa.selenium.remote.RemoteWebDriver
Capabilities [{appPackage=com.android.chrome, chromedriverPorts=[[18111.0, 18121.0]], deviceName=R5CN21214HA, acceptSslCerts=false, webStorageEnabled=false, acceptSslCert=false, browserName=chrome, javascriptEnabled=true, real_mobile=true, skipServerInstallation=true, 64bit=false, enablePerformanceLogging=false, systemPort=8201.0, chromedriverPort=18081.0, new_bucketing=true, version=, appActivity=com.google.android.apps.chrome.Main, browser_name=Android, realMobile=true, pixelRatio=2.8125, deviceScreenDensity=450.0, device=Samsung Galaxy S20 Plus, browserstack.is_hub_canary=false, statBarHeight=72.0, loggingPrefs={browser=SEVERE}, viewportRect={top=72.0, left=0.0, width=1080.0, height=2120.0}, platform=ANDROID, deviceUDID=R5CN21214HA, osVersion=10.0, detected_language=Apache-HttpClient/4.5.3 (Java/1.8.0_291), newCommandTimeout=0.0, browser=chrome_android, platformVersion=10, takesScreenshot=true, udid=R5CN21214HA, platformName=Android, deviceApiLevel=29.0, deviceManufacturer=samsung, deviceScreenSize=1080x2400, networkConnectionEnabled=true, orientation=PORTRAIT, warnings={}, os_version=10.0, browserstack.appium_version=1.17.0, mobile={browser=mobile, version=Samsung Galaxy S20 Plus-10.0}, databaseEnabled=false, orig_os=android, locationContextEnabled=false, deviceOrientation=portrait, deviceModel=SM-G986B, chromeOptions={args=[--proxy-bypass-list=<-loopback>, test-type, --proxy-server=http://65.74.144.35:26081, --disable-features=Translate], w3c=false}}]
Session ID: bf18bde0bb2129d3144b4a14e6d44be3ffb92756
*** Element info: {Using=xpath, value=//*[@id="bookingReferenceForm"]/div[1]/div[2]/div[2]/div[1]/input}
2021-12-20 18:28:11 INFO  Base:672 - Exception:Check out as Guest button on Fare Selection review Page is not clicked
2021-12-20 18:28:27 INFO  Base:711 - no such element: Unable to locate element: {"method":"id","selector":"first-name2"}
  (Session info: chrome=94.0.4606.61)
  (Driver info: chromedriver=94.0.4606.61 (418b78f5838ed0b1c69bb4e51ea0252171854915-refs/branch-heads/4606@{#1204}),platform=Linux 4.1.13-101.fc21.x86_64 x86_64) (WARNING: The server did not provide any stacktrace information)
Command duration or timeout: 10.29 seconds
For documentation on this error, please visit: http://seleniumhq.org/exceptions/no_such_element.html
Build info: version: '3.5.2', revision: '10229a9', time: '2017-08-21T17:29:55.15Z'
System info: host: 'BCFS33487', ip: '172.16.193.77', os.name: 'Windows 10', os.arch: 'amd64', os.version: '10.0', java.version: '1.8.0_291'
Driver info: org.openqa.selenium.remote.RemoteWebDriver
Capabilities [{appPackage=com.android.chrome, chromedriverPorts=[[18111.0, 18121.0]], deviceName=R5CN21214HA, acceptSslCerts=false, webStorageEnabled=false, acceptSslCert=false, browserName=chrome, javascriptEnabled=true, real_mobile=true, skipServerInstallation=true, 64bit=false, enablePerformanceLogging=false, systemPort=8201.0, chromedriverPort=18081.0, new_bucketing=true, version=, appActivity=com.google.android.apps.chrome.Main, browser_name=Android, realMobile=true, pixelRatio=2.8125, deviceScreenDensity=450.0, device=Samsung Galaxy S20 Plus, browserstack.is_hub_canary=false, statBarHeight=72.0, loggingPrefs={browser=SEVERE}, viewportRect={top=72.0, left=0.0, width=1080.0, height=2120.0}, platform=ANDROID, deviceUDID=R5CN21214HA, osVersion=10.0, detected_language=Apache-HttpClient/4.5.3 (Java/1.8.0_291), newCommandTimeout=0.0, browser=chrome_android, platformVersion=10, takesScreenshot=true, udid=R5CN21214HA, platformName=Android, deviceApiLevel=29.0, deviceManufacturer=samsung, deviceScreenSize=1080x2400, networkConnectionEnabled=true, orientation=PORTRAIT, warnings={}, os_version=10.0, browserstack.appium_version=1.17.0, mobile={browser=mobile, version=Samsung Galaxy S20 Plus-10.0}, databaseEnabled=false, orig_os=android, locationContextEnabled=false, deviceOrientation=portrait, deviceModel=SM-G986B, chromeOptions={args=[--proxy-bypass-list=<-loopback>, test-type, --proxy-server=http://65.74.144.35:26081, --disable-features=Translate], w3c=false}}]
Session ID: bf18bde0bb2129d3144b4a14e6d44be3ffb92756
*** Element info: {Using=id, value=first-name2}
2021-12-20 18:28:27 INFO  Base:712 - Exception: Enter Guest Checkout information
2021-12-20 18:28:41 INFO  Base:732 - no such element: Unable to locate element: {"method":"id","selector":"first-name1"}
  (Session info: chrome=94.0.4606.61)
  (Driver info: chromedriver=94.0.4606.61 (418b78f5838ed0b1c69bb4e51ea0252171854915-refs/branch-heads/4606@{#1204}),platform=Linux 4.1.13-101.fc21.x86_64 x86_64) (WARNING: The server did not provide any stacktrace information)
Command duration or timeout: 10.29 seconds
For documentation on this error, please visit: http://seleniumhq.org/exceptions/no_such_element.html
Build info: version: '3.5.2', revision: '10229a9', time: '2017-08-21T17:29:55.15Z'
System info: host: 'BCFS33487', ip: '172.16.193.77', os.name: 'Windows 10', os.arch: 'amd64', os.version: '10.0', java.version: '1.8.0_291'
Driver info: org.openqa.selenium.remote.RemoteWebDriver
Capabilities [{appPackage=com.android.chrome, chromedriverPorts=[[18111.0, 18121.0]], deviceName=R5CN21214HA, acceptSslCerts=false, webStorageEnabled=false, acceptSslCert=false, browserName=chrome, javascriptEnabled=true, real_mobile=true, skipServerInstallation=true, 64bit=false, enablePerformanceLogging=false, systemPort=8201.0, chromedriverPort=18081.0, new_bucketing=true, version=, appActivity=com.google.android.apps.chrome.Main, browser_name=Android, realMobile=true, pixelRatio=2.8125, deviceScreenDensity=450.0, device=Samsung Galaxy S20 Plus, browserstack.is_hub_canary=false, statBarHeight=72.0, loggingPrefs={browser=SEVERE}, viewportRect={top=72.0, left=0.0, width=1080.0, height=2120.0}, platform=ANDROID, deviceUDID=R5CN21214HA, osVersion=10.0, detected_language=Apache-HttpClient/4.5.3 (Java/1.8.0_291), newCommandTimeout=0.0, browser=chrome_android, platformVersion=10, takesScreenshot=true, udid=R5CN21214HA, platformName=Android, deviceApiLevel=29.0, deviceManufacturer=samsung, deviceScreenSize=1080x2400, networkConnectionEnabled=true, orientation=PORTRAIT, warnings={}, os_version=10.0, browserstack.appium_version=1.17.0, mobile={browser=mobile, version=Samsung Galaxy S20 Plus-10.0}, databaseEnabled=false, orig_os=android, locationContextEnabled=false, deviceOrientation=portrait, deviceModel=SM-G986B, chromeOptions={args=[--proxy-bypass-list=<-loopback>, test-type, --proxy-server=http://65.74.144.35:26081, --disable-features=Translate], w3c=false}}]
Session ID: bf18bde0bb2129d3144b4a14e6d44be3ffb92756
*** Element info: {Using=id, value=first-name1}
2021-12-20 18:28:41 INFO  Base:733 - Exception: Enter Payment method information
2021-12-20 18:28:47 INFO  Base:755 - A session is either terminated or not started (WARNING: The server did not provide any stacktrace information)
Command duration or timeout: 2.34 seconds
Build info: version: '3.5.2', revision: '10229a9', time: '2017-08-21T17:29:55.15Z'
System info: host: 'BCFS33487', ip: '172.16.193.77', os.name: 'Windows 10', os.arch: 'amd64', os.version: '10.0', java.version: '1.8.0_291'
Driver info: org.openqa.selenium.remote.RemoteWebDriver
Capabilities [{appPackage=com.android.chrome, chromedriverPorts=[[18111.0, 18121.0]], deviceName=R5CN21214HA, acceptSslCerts=false, webStorageEnabled=false, acceptSslCert=false, browserName=chrome, javascriptEnabled=true, real_mobile=true, skipServerInstallation=true, 64bit=false, enablePerformanceLogging=false, systemPort=8201.0, chromedriverPort=18081.0, new_bucketing=true, version=, appActivity=com.google.android.apps.chrome.Main, browser_name=Android, realMobile=true, pixelRatio=2.8125, deviceScreenDensity=450.0, device=Samsung Galaxy S20 Plus, browserstack.is_hub_canary=false, statBarHeight=72.0, loggingPrefs={browser=SEVERE}, viewportRect={top=72.0, left=0.0, width=1080.0, height=2120.0}, platform=ANDROID, deviceUDID=R5CN21214HA, osVersion=10.0, detected_language=Apache-HttpClient/4.5.3 (Java/1.8.0_291), newCommandTimeout=0.0, browser=chrome_android, platformVersion=10, takesScreenshot=true, udid=R5CN21214HA, platformName=Android, deviceApiLevel=29.0, deviceManufacturer=samsung, deviceScreenSize=1080x2400, networkConnectionEnabled=true, orientation=PORTRAIT, warnings={}, os_version=10.0, browserstack.appium_version=1.17.0, mobile={browser=mobile, version=Samsung Galaxy S20 Plus-10.0}, databaseEnabled=false, orig_os=android, locationContextEnabled=false, deviceOrientation=portrait, deviceModel=SM-G986B, chromeOptions={args=[--proxy-bypass-list=<-loopback>, test-type, --proxy-server=http://65.74.144.35:26081, --disable-features=Translate], w3c=false}}]
Session ID: bf18bde0bb2129d3144b4a14e6d44be3ffb92756
*** Element info: {Using=id, value=addressLine1}
2021-12-20 18:28:47 INFO  Base:756 - Exception: Enter Billing Address information
2021-12-20 18:28:51 INFO  Base:774 - Session not started or terminated (WARNING: The server did not provide any stacktrace information)
Command duration or timeout: 1.41 seconds
Build info: version: '3.5.2', revision: '10229a9', time: '2017-08-21T17:29:55.15Z'
System info: host: 'BCFS33487', ip: '172.16.193.77', os.name: 'Windows 10', os.arch: 'amd64', os.version: '10.0', java.version: '1.8.0_291'
Driver info: org.openqa.selenium.remote.RemoteWebDriver
Capabilities [{appPackage=com.android.chrome, chromedriverPorts=[[18111.0, 18121.0]], deviceName=R5CN21214HA, acceptSslCerts=false, webStorageEnabled=false, acceptSslCert=false, browserName=chrome, javascriptEnabled=true, real_mobile=true, skipServerInstallation=true, 64bit=false, enablePerformanceLogging=false, systemPort=8201.0, chromedriverPort=18081.0, new_bucketing=true, version=, appActivity=com.google.android.apps.chrome.Main, browser_name=Android, realMobile=true, pixelRatio=2.8125, deviceScreenDensity=450.0, device=Samsung Galaxy S20 Plus, browserstack.is_hub_canary=false, statBarHeight=72.0, loggingPrefs={browser=SEVERE}, viewportRect={top=72.0, left=0.0, width=1080.0, height=2120.0}, platform=ANDROID, deviceUDID=R5CN21214HA, osVersion=10.0, detected_language=Apache-HttpClient/4.5.3 (Java/1.8.0_291), newCommandTimeout=0.0, browser=chrome_android, platformVersion=10, takesScreenshot=true, udid=R5CN21214HA, platformName=Android, deviceApiLevel=29.0, deviceManufacturer=samsung, deviceScreenSize=1080x2400, networkConnectionEnabled=true, orientation=PORTRAIT, warnings={}, os_version=10.0, browserstack.appium_version=1.17.0, mobile={browser=mobile, version=Samsung Galaxy S20 Plus-10.0}, databaseEnabled=false, orig_os=android, locationContextEnabled=false, deviceOrientation=portrait, deviceModel=SM-G986B, chromeOptions={args=[--proxy-bypass-list=<-loopback>, test-type, --proxy-server=http://65.74.144.35:26081, --disable-features=Translate], w3c=false}}]
Session ID: bf18bde0bb2129d3144b4a14e6d44be3ffb92756
*** Element info: {Using=xpath, value=//span[@class='checkmark-checkbox']}
2021-12-20 18:28:51 INFO  Base:775 - Exception:Click on PayNow button on payment selection
2021-12-20 18:28:56 INFO  Base:860 - Session not started or terminated (WARNING: The server did not provide any stacktrace information)
Command duration or timeout: 1.37 seconds
Build info: version: '3.5.2', revision: '10229a9', time: '2017-08-21T17:29:55.15Z'
System info: host: 'BCFS33487', ip: '172.16.193.77', os.name: 'Windows 10', os.arch: 'amd64', os.version: '10.0', java.version: '1.8.0_291'
Driver info: org.openqa.selenium.remote.RemoteWebDriver
Capabilities [{appPackage=com.android.chrome, chromedriverPorts=[[18111.0, 18121.0]], deviceName=R5CN21214HA, acceptSslCerts=false, webStorageEnabled=false, acceptSslCert=false, browserName=chrome, javascriptEnabled=true, real_mobile=true, skipServerInstallation=true, 64bit=false, enablePerformanceLogging=false, systemPort=8201.0, chromedriverPort=18081.0, new_bucketing=true, version=, appActivity=com.google.android.apps.chrome.Main, browser_name=Android, realMobile=true, pixelRatio=2.8125, deviceScreenDensity=450.0, device=Samsung Galaxy S20 Plus, browserstack.is_hub_canary=false, statBarHeight=72.0, loggingPrefs={browser=SEVERE}, viewportRect={top=72.0, left=0.0, width=1080.0, height=2120.0}, platform=ANDROID, deviceUDID=R5CN21214HA, osVersion=10.0, detected_language=Apache-HttpClient/4.5.3 (Java/1.8.0_291), newCommandTimeout=0.0, browser=chrome_android, platformVersion=10, takesScreenshot=true, udid=R5CN21214HA, platformName=Android, deviceApiLevel=29.0, deviceManufacturer=samsung, deviceScreenSize=1080x2400, networkConnectionEnabled=true, orientation=PORTRAIT, warnings={}, os_version=10.0, browserstack.appium_version=1.17.0, mobile={browser=mobile, version=Samsung Galaxy S20 Plus-10.0}, databaseEnabled=false, orig_os=android, locationContextEnabled=false, deviceOrientation=portrait, deviceModel=SM-G986B, chromeOptions={args=[--proxy-bypass-list=<-loopback>, test-type, --proxy-server=http://65.74.144.35:26081, --disable-features=Translate], w3c=false}}]
Session ID: bf18bde0bb2129d3144b4a14e6d44be3ffb92756
*** Element info: {Using=xpath, value=//*[contains(text(),'Your booking is confirmed')]}
2021-12-20 18:28:56 INFO  Base:861 - Exception:Click on PayNow button on payment selection
