2021-12-20 15:45:50 INFO  Base:35 - Remote WebDriver capability instantiation
2021-12-20 15:46:03 INFO  Base:55 - Remote WebDriver is instantiated
2021-12-20 15:46:03 INFO  Base:104 - Launched chrome browser
2021-12-20 15:46:04 INFO  Base:154 - Waiting for 1 seconds to launch the URL
2021-12-20 15:46:05 INFO  Base:156 - Enter the URL 'https://ffdei.uat.bcferries.corp'
2021-12-20 15:46:05 INFO  Base:162 - Catch exception instantiating a browser Appium error: An unknown server-side error occurred while processing the command. Original error: unknown error: net::ERR_TUNNEL_CONNECTION_FAILED
  (Session info: chrome=94.0.4606.61)
  (Driver info: chromedriver=94.0.4606.61 (418b78f5838ed0b1c69bb4e51ea0252171854915-refs/branch-heads/4606@{#1204}),platform=Linux 4.1.13-101.fc21.x86_64 x86_64) (WARNING: The server did not provide any stacktrace information)
Command duration or timeout: 616 milliseconds
Build info: version: '3.5.2', revision: '10229a9', time: '2017-08-21T17:29:55.15Z'
System info: host: 'BCFS33487', ip: '172.16.193.77', os.name: 'Windows 10', os.arch: 'amd64', os.version: '10.0', java.version: '1.8.0_291'
Driver info: org.openqa.selenium.remote.RemoteWebDriver
Capabilities [{appPackage=com.android.chrome, chromedriverPorts=[[18111.0, 18121.0]], deviceName=R5CN211ZM8E, acceptSslCerts=false, webStorageEnabled=false, acceptSslCert=false, browserName=chrome, javascriptEnabled=true, real_mobile=true, skipServerInstallation=true, 64bit=false, enablePerformanceLogging=false, systemPort=8201.0, chromedriverPort=18081.0, new_bucketing=true, version=, appActivity=com.google.android.apps.chrome.Main, browser_name=Android, realMobile=true, pixelRatio=2.8125, deviceScreenDensity=450.0, device=Samsung Galaxy S20 Plus, browserstack.is_hub_canary=false, statBarHeight=72.0, loggingPrefs={browser=SEVERE}, viewportRect={top=72.0, left=0.0, width=1080.0, height=2120.0}, platform=ANDROID, deviceUDID=R5CN211ZM8E, osVersion=10.0, detected_language=Apache-HttpClient/4.5.3 (Java/1.8.0_291), newCommandTimeout=0.0, browser=chrome_android, platformVersion=10, takesScreenshot=true, udid=R5CN211ZM8E, platformName=Android, deviceApiLevel=29.0, deviceManufacturer=samsung, deviceScreenSize=1080x2400, networkConnectionEnabled=true, orientation=PORTRAIT, warnings={}, os_version=10.0, browserstack.appium_version=1.17.0, mobile={browser=mobile, version=Samsung Galaxy S20 Plus-10.0}, databaseEnabled=false, orig_os=android, locationContextEnabled=false, deviceOrientation=portrait, deviceModel=SM-G986B, chromeOptions={args=[--proxy-bypass-list=<-loopback>, test-type, --proxy-server=http://65.74.184.37:26081, --disable-features=Translate], w3c=false}}]
Session ID: 5fd44576fede31e8a956e0b003b8755ef30496fd
2021-12-20 15:46:36 INFO  Base:97 - no such element: Unable to locate element: {"method":"xpath","selector":"//*[@id='ui-id-4']"}
  (Session info: chrome=94.0.4606.61)
  (Driver info: chromedriver=94.0.4606.61 (418b78f5838ed0b1c69bb4e51ea0252171854915-refs/branch-heads/4606@{#1204}),platform=Linux 4.1.13-101.fc21.x86_64 x86_64) (WARNING: The server did not provide any stacktrace information)
Command duration or timeout: 10.29 seconds
For documentation on this error, please visit: http://seleniumhq.org/exceptions/no_such_element.html
Build info: version: '3.5.2', revision: '10229a9', time: '2017-08-21T17:29:55.15Z'
System info: host: 'BCFS33487', ip: '172.16.193.77', os.name: 'Windows 10', os.arch: 'amd64', os.version: '10.0', java.version: '1.8.0_291'
Driver info: org.openqa.selenium.remote.RemoteWebDriver
Capabilities [{appPackage=com.android.chrome, chromedriverPorts=[[18111.0, 18121.0]], deviceName=R5CN211ZM8E, acceptSslCerts=false, webStorageEnabled=false, acceptSslCert=false, browserName=chrome, javascriptEnabled=true, real_mobile=true, skipServerInstallation=true, 64bit=false, enablePerformanceLogging=false, systemPort=8201.0, chromedriverPort=18081.0, new_bucketing=true, version=, appActivity=com.google.android.apps.chrome.Main, browser_name=Android, realMobile=true, pixelRatio=2.8125, deviceScreenDensity=450.0, device=Samsung Galaxy S20 Plus, browserstack.is_hub_canary=false, statBarHeight=72.0, loggingPrefs={browser=SEVERE}, viewportRect={top=72.0, left=0.0, width=1080.0, height=2120.0}, platform=ANDROID, deviceUDID=R5CN211ZM8E, osVersion=10.0, detected_language=Apache-HttpClient/4.5.3 (Java/1.8.0_291), newCommandTimeout=0.0, browser=chrome_android, platformVersion=10, takesScreenshot=true, udid=R5CN211ZM8E, platformName=Android, deviceApiLevel=29.0, deviceManufacturer=samsung, deviceScreenSize=1080x2400, networkConnectionEnabled=true, orientation=PORTRAIT, warnings={}, os_version=10.0, browserstack.appium_version=1.17.0, mobile={browser=mobile, version=Samsung Galaxy S20 Plus-10.0}, databaseEnabled=false, orig_os=android, locationContextEnabled=false, deviceOrientation=portrait, deviceModel=SM-G986B, chromeOptions={args=[--proxy-bypass-list=<-loopback>, test-type, --proxy-server=http://65.74.184.37:26081, --disable-features=Translate], w3c=false}}]
Session ID: 5fd44576fede31e8a956e0b003b8755ef30496fd
*** Element info: {Using=xpath, value=//*[@id='ui-id-4']}
2021-12-20 15:46:36 INFO  Base:98 - Exception: Entering From Location
2021-12-20 15:46:50 INFO  Base:85 - no such element: Unable to locate element: {"method":"xpath","selector":"//*[@class="nav-item ui-depart cust-fullwidth"]//descendant::span[text()='Date']"}
  (Session info: chrome=94.0.4606.61)
  (Driver info: chromedriver=94.0.4606.61 (418b78f5838ed0b1c69bb4e51ea0252171854915-refs/branch-heads/4606@{#1204}),platform=Linux 4.1.13-101.fc21.x86_64 x86_64) (WARNING: The server did not provide any stacktrace information)
Command duration or timeout: 11.30 seconds
For documentation on this error, please visit: http://seleniumhq.org/exceptions/no_such_element.html
Build info: version: '3.5.2', revision: '10229a9', time: '2017-08-21T17:29:55.15Z'
System info: host: 'BCFS33487', ip: '172.16.193.77', os.name: 'Windows 10', os.arch: 'amd64', os.version: '10.0', java.version: '1.8.0_291'
Driver info: org.openqa.selenium.remote.RemoteWebDriver
Capabilities [{appPackage=com.android.chrome, chromedriverPorts=[[18111.0, 18121.0]], deviceName=R5CN211ZM8E, acceptSslCerts=false, webStorageEnabled=false, acceptSslCert=false, browserName=chrome, javascriptEnabled=true, real_mobile=true, skipServerInstallation=true, 64bit=false, enablePerformanceLogging=false, systemPort=8201.0, chromedriverPort=18081.0, new_bucketing=true, version=, appActivity=com.google.android.apps.chrome.Main, browser_name=Android, realMobile=true, pixelRatio=2.8125, deviceScreenDensity=450.0, device=Samsung Galaxy S20 Plus, browserstack.is_hub_canary=false, statBarHeight=72.0, loggingPrefs={browser=SEVERE}, viewportRect={top=72.0, left=0.0, width=1080.0, height=2120.0}, platform=ANDROID, deviceUDID=R5CN211ZM8E, osVersion=10.0, detected_language=Apache-HttpClient/4.5.3 (Java/1.8.0_291), newCommandTimeout=0.0, browser=chrome_android, platformVersion=10, takesScreenshot=true, udid=R5CN211ZM8E, platformName=Android, deviceApiLevel=29.0, deviceManufacturer=samsung, deviceScreenSize=1080x2400, networkConnectionEnabled=true, orientation=PORTRAIT, warnings={}, os_version=10.0, browserstack.appium_version=1.17.0, mobile={browser=mobile, version=Samsung Galaxy S20 Plus-10.0}, databaseEnabled=false, orig_os=android, locationContextEnabled=false, deviceOrientation=portrait, deviceModel=SM-G986B, chromeOptions={args=[--proxy-bypass-list=<-loopback>, test-type, --proxy-server=http://65.74.184.37:26081, --disable-features=Translate], w3c=false}}]
Session ID: 5fd44576fede31e8a956e0b003b8755ef30496fd
*** Element info: {Using=xpath, value=//*[@class="nav-item ui-depart cust-fullwidth"]//descendant::span[text()='Date']}
2021-12-20 15:46:50 INFO  Base:86 - Exception: Select Date of Travel
2021-12-20 15:47:00 INFO  Base:134 - no such element: Unable to locate element: {"method":"xpath","selector":"//*[@id='ui-id-18']"}
  (Session info: chrome=94.0.4606.61)
  (Driver info: chromedriver=94.0.4606.61 (418b78f5838ed0b1c69bb4e51ea0252171854915-refs/branch-heads/4606@{#1204}),platform=Linux 4.1.13-101.fc21.x86_64 x86_64) (WARNING: The server did not provide any stacktrace information)
Command duration or timeout: 10.28 seconds
For documentation on this error, please visit: http://seleniumhq.org/exceptions/no_such_element.html
Build info: version: '3.5.2', revision: '10229a9', time: '2017-08-21T17:29:55.15Z'
System info: host: 'BCFS33487', ip: '172.16.193.77', os.name: 'Windows 10', os.arch: 'amd64', os.version: '10.0', java.version: '1.8.0_291'
Driver info: org.openqa.selenium.remote.RemoteWebDriver
Capabilities [{appPackage=com.android.chrome, chromedriverPorts=[[18111.0, 18121.0]], deviceName=R5CN211ZM8E, acceptSslCerts=false, webStorageEnabled=false, acceptSslCert=false, browserName=chrome, javascriptEnabled=true, real_mobile=true, skipServerInstallation=true, 64bit=false, enablePerformanceLogging=false, systemPort=8201.0, chromedriverPort=18081.0, new_bucketing=true, version=, appActivity=com.google.android.apps.chrome.Main, browser_name=Android, realMobile=true, pixelRatio=2.8125, deviceScreenDensity=450.0, device=Samsung Galaxy S20 Plus, browserstack.is_hub_canary=false, statBarHeight=72.0, loggingPrefs={browser=SEVERE}, viewportRect={top=72.0, left=0.0, width=1080.0, height=2120.0}, platform=ANDROID, deviceUDID=R5CN211ZM8E, osVersion=10.0, detected_language=Apache-HttpClient/4.5.3 (Java/1.8.0_291), newCommandTimeout=0.0, browser=chrome_android, platformVersion=10, takesScreenshot=true, udid=R5CN211ZM8E, platformName=Android, deviceApiLevel=29.0, deviceManufacturer=samsung, deviceScreenSize=1080x2400, networkConnectionEnabled=true, orientation=PORTRAIT, warnings={}, os_version=10.0, browserstack.appium_version=1.17.0, mobile={browser=mobile, version=Samsung Galaxy S20 Plus-10.0}, databaseEnabled=false, orig_os=android, locationContextEnabled=false, deviceOrientation=portrait, deviceModel=SM-G986B, chromeOptions={args=[--proxy-bypass-list=<-loopback>, test-type, --proxy-server=http://65.74.184.37:26081, --disable-features=Translate], w3c=false}}]
Session ID: 5fd44576fede31e8a956e0b003b8755ef30496fd
*** Element info: {Using=xpath, value=//*[@id='ui-id-18']}
2021-12-20 15:47:00 INFO  Base:135 - Exception: Entering to Location
