2021-10-21 19:58:04 INFO  Base:175 - Setting browser name to 'Chrome' on 'Android' device
2021-10-21 19:58:04 INFO  Base:28 - JP Log - Android Driver capability instantiation
2021-10-21 19:58:18 INFO  Base:49 - Android Driver just instantiated
2021-10-21 19:58:18 INFO  Base:104 - Launched chrome browser
2021-10-21 19:58:19 INFO  Base:151 - Waiting for 1 seconds to launch the URL
2021-10-21 19:58:20 INFO  Base:153 - Enter the URL 'https://www.bcferries.com/'
2021-10-21 19:58:30 INFO  Base:50 - 
2021-10-21 19:58:30 INFO  Base:51 - Exception: Entering From Location
2021-10-21 19:58:32 INFO  Base:68 - 
2021-10-21 19:58:32 INFO  Base:69 - Exception: Entering To Location
2021-10-21 19:58:34 INFO  Base:86 - 
2021-10-21 19:58:34 INFO  Base:87 - Exception: Select Date of Travel
2021-10-21 19:58:36 INFO  Base:103 - 
2021-10-21 19:58:36 INFO  Base:104 - Exception: Click on Continue button for Home Page
2021-10-21 19:58:38 INFO  Base:119 - 
2021-10-21 19:58:38 INFO  Base:120 - Exception: Increment number of Adults travelling on Passengers Page
2021-10-21 19:58:40 INFO  Base:134 - 
2021-10-21 19:58:40 INFO  Base:135 - Exception: Increment number of Children travelling on Passengers Page
2021-10-21 19:58:42 INFO  Base:151 - 
2021-10-21 19:58:42 INFO  Base:152 - Exception: Click on Continue button for Passengers Page
2021-10-21 19:58:44 INFO  Base:167 - 
2021-10-21 19:58:44 INFO  Base:168 - Exception: Select Vehicle height on Vehicle Selection Page
2021-10-21 19:58:46 INFO  Base:182 - 
2021-10-21 19:58:46 INFO  Base:183 - Exception: Select Vehicle Length on Vehicle Selection Page
2021-10-21 19:58:48 INFO  Base:200 - 
2021-10-21 19:58:48 INFO  Base:201 - Exception: Click on Continue button for Vehicles Page
2021-10-21 19:58:50 INFO  Base:216 - 
2021-10-21 19:58:50 INFO  Base:217 - Exception: Select View Fares on Fare Selection Page
2021-10-21 19:58:52 INFO  Base:231 - 
2021-10-21 19:58:52 INFO  Base:232 - Exception: Select Prepaid option on Fare Selection Page
2021-10-21 19:58:53 INFO  Base:248 - 
2021-10-21 19:58:53 INFO  Base:249 - Exception: Verify if the User is on Fare Selection Review page
2021-10-21 19:58:53 INFO  Base:256 - Closing the Application
