2021-12-18 20:43:11 INFO  Base:35 - Remote WebDriver capability instantiation
2021-12-18 20:43:24 INFO  Base:55 - Remote WebDriver is instantiated
2021-12-18 20:43:24 INFO  Base:104 - Launched chrome browser
2021-12-18 20:43:25 INFO  Base:154 - Waiting for 1 seconds to launch the URL
2021-12-18 20:43:26 INFO  Base:156 - Enter the URL 'https://www.bcferries.com/'
2021-12-18 20:44:28 INFO  Base:137 - no such element: Unable to locate element: {"method":"xpath","selector":"//*[@class='btn btn-plus y_outboundPassengerQtySelectorPlus y_adult']"}
  (Session info: chrome=94.0.4606.61)
  (Driver info: chromedriver=94.0.4606.61 (418b78f5838ed0b1c69bb4e51ea0252171854915-refs/branch-heads/4606@{#1204}),platform=Linux 4.1.13-101.fc21.x86_64 x86_64) (WARNING: The server did not provide any stacktrace information)
Command duration or timeout: 10.66 seconds
For documentation on this error, please visit: http://seleniumhq.org/exceptions/no_such_element.html
Build info: version: '3.5.2', revision: '10229a9', time: '2017-08-21T17:29:55.15Z'
System info: host: 'DESKTOP-2Q44BFK', ip: '192.168.1.2', os.name: 'Windows 10', os.arch: 'amd64', os.version: '10.0', java.version: '1.8.0_291'
Driver info: org.openqa.selenium.remote.RemoteWebDriver
Capabilities [{appPackage=com.android.chrome, chromedriverPorts=[[18122.0, 18132.0]], deviceName=R5CN1053VYY, acceptSslCerts=false, webStorageEnabled=false, acceptSslCert=false, browserName=chrome, javascriptEnabled=true, real_mobile=true, skipServerInstallation=true, 64bit=false, enablePerformanceLogging=false, systemPort=8202.0, chromedriverPort=18082.0, new_bucketing=true, version=, appActivity=com.google.android.apps.chrome.Main, browser_name=Android, realMobile=true, pixelRatio=2.8125, deviceScreenDensity=450.0, device=Samsung Galaxy S20 Plus, browserstack.is_hub_canary=false, statBarHeight=72.0, loggingPrefs={browser=SEVERE}, viewportRect={top=72.0, left=0.0, width=1080.0, height=2120.0}, platform=ANDROID, deviceUDID=R5CN1053VYY, osVersion=10.0, detected_language=Apache-HttpClient/4.5.3 (Java/1.8.0_291), newCommandTimeout=0.0, browser=chrome_android, platformVersion=10, takesScreenshot=true, udid=R5CN1053VYY, platformName=Android, deviceApiLevel=29.0, deviceManufacturer=samsung, deviceScreenSize=1080x2400, networkConnectionEnabled=true, orientation=PORTRAIT, warnings={}, os_version=10.0, browserstack.appium_version=1.17.0, mobile={browser=mobile, version=Samsung Galaxy S20 Plus-10.0}, databaseEnabled=false, orig_os=android, locationContextEnabled=false, deviceOrientation=portrait, deviceModel=SM-G986B, chromeOptions={args=[--proxy-bypass-list=<-loopback>, test-type, --proxy-server=http://85.209.178.10:26082, --disable-features=Translate], w3c=false}}]
Session ID: ee34d275dc4f1ee7e54e10b02be0ddd3752d1248
*** Element info: {Using=xpath, value=//*[@class='btn btn-plus y_outboundPassengerQtySelectorPlus y_adult']}
2021-12-18 20:44:28 INFO  Base:138 - Exception: Increment number of Adults travelling on Passengers Page
2021-12-18 20:44:40 INFO  Base:451 - no such element: Unable to locate element: {"method":"xpath","selector":"//*[@class='popoverThis btn btn-plus y_outboundPassengerQtySelectorPlus y_child']"}
  (Session info: chrome=94.0.4606.61)
  (Driver info: chromedriver=94.0.4606.61 (418b78f5838ed0b1c69bb4e51ea0252171854915-refs/branch-heads/4606@{#1204}),platform=Linux 4.1.13-101.fc21.x86_64 x86_64) (WARNING: The server did not provide any stacktrace information)
Command duration or timeout: 10.65 seconds
For documentation on this error, please visit: http://seleniumhq.org/exceptions/no_such_element.html
Build info: version: '3.5.2', revision: '10229a9', time: '2017-08-21T17:29:55.15Z'
System info: host: 'DESKTOP-2Q44BFK', ip: '192.168.1.2', os.name: 'Windows 10', os.arch: 'amd64', os.version: '10.0', java.version: '1.8.0_291'
Driver info: org.openqa.selenium.remote.RemoteWebDriver
Capabilities [{appPackage=com.android.chrome, chromedriverPorts=[[18122.0, 18132.0]], deviceName=R5CN1053VYY, acceptSslCerts=false, webStorageEnabled=false, acceptSslCert=false, browserName=chrome, javascriptEnabled=true, real_mobile=true, skipServerInstallation=true, 64bit=false, enablePerformanceLogging=false, systemPort=8202.0, chromedriverPort=18082.0, new_bucketing=true, version=, appActivity=com.google.android.apps.chrome.Main, browser_name=Android, realMobile=true, pixelRatio=2.8125, deviceScreenDensity=450.0, device=Samsung Galaxy S20 Plus, browserstack.is_hub_canary=false, statBarHeight=72.0, loggingPrefs={browser=SEVERE}, viewportRect={top=72.0, left=0.0, width=1080.0, height=2120.0}, platform=ANDROID, deviceUDID=R5CN1053VYY, osVersion=10.0, detected_language=Apache-HttpClient/4.5.3 (Java/1.8.0_291), newCommandTimeout=0.0, browser=chrome_android, platformVersion=10, takesScreenshot=true, udid=R5CN1053VYY, platformName=Android, deviceApiLevel=29.0, deviceManufacturer=samsung, deviceScreenSize=1080x2400, networkConnectionEnabled=true, orientation=PORTRAIT, warnings={}, os_version=10.0, browserstack.appium_version=1.17.0, mobile={browser=mobile, version=Samsung Galaxy S20 Plus-10.0}, databaseEnabled=false, orig_os=android, locationContextEnabled=false, deviceOrientation=portrait, deviceModel=SM-G986B, chromeOptions={args=[--proxy-bypass-list=<-loopback>, test-type, --proxy-server=http://85.209.178.10:26082, --disable-features=Translate], w3c=false}}]
Session ID: ee34d275dc4f1ee7e54e10b02be0ddd3752d1248
*** Element info: {Using=xpath, value=//*[@class='popoverThis btn btn-plus y_outboundPassengerQtySelectorPlus y_child']}
2021-12-18 20:44:40 INFO  Base:452 - Exception: Increment number of Children travelling on Passengers Page
