2022-02-24 21:07:41 INFO  Base:35 - Remote WebDriver capability instantiation
2022-02-24 21:07:53 INFO  Base:55 - Remote WebDriver is instantiated
2022-02-24 21:07:53 INFO  Base:104 - Launched chrome browser
2022-02-24 21:07:54 INFO  Base:154 - Waiting for 1 seconds to launch the URL
2022-02-24 21:07:55 INFO  Base:156 - Enter the URL 'https://www.bcferries.com/'
2022-02-24 21:09:11 INFO  Base:457 - no such element: Unable to locate element: {"method":"xpath","selector":"//*[@class=' btn btn-plus y_outboundPassengerQtySelectorPlus y_adult']"}
  (Session info: chrome=96.0.4664.104)
  (Driver info: chromedriver=96.0.4664.45 (76e4c1bb2ab4671b8beba3444e61c0f17584b2fc-refs/branch-heads/4664@{#947}),platform=Linux 4.1.13-101.fc21.x86_64 x86_64) (WARNING: The server did not provide any stacktrace information)
Command duration or timeout: 10.77 seconds
For documentation on this error, please visit: http://seleniumhq.org/exceptions/no_such_element.html
Build info: version: '3.5.2', revision: '10229a9', time: '2017-08-21T17:29:55.15Z'
System info: host: 'DESKTOP-2Q44BFK', ip: '192.168.1.11', os.name: 'Windows 10', os.arch: 'amd64', os.version: '10.0', java.version: '1.8.0_291'
Driver info: org.openqa.selenium.remote.RemoteWebDriver
Capabilities [{appPackage=com.android.chrome, chromedriverPorts=[[18122.0, 18132.0]], deviceName=R5CN211THBN, acceptSslCerts=false, webStorageEnabled=false, acceptSslCert=false, browserName=chrome, javascriptEnabled=true, real_mobile=true, skipServerInstallation=true, 64bit=false, enablePerformanceLogging=false, systemPort=8202.0, chromedriverPort=18082.0, new_bucketing=true, version=, appActivity=com.google.android.apps.chrome.Main, browser_name=Android, realMobile=true, pixelRatio=2.8125, deviceScreenDensity=450.0, device=Samsung Galaxy S20 Plus, browserstack.is_hub_canary=false, statBarHeight=72.0, loggingPrefs={browser=SEVERE}, viewportRect={top=72.0, left=0.0, width=1080.0, height=2120.0}, platform=ANDROID, deviceUDID=R5CN211THBN, osVersion=10.0, detected_language=Apache-HttpClient/4.5.3 (Java/1.8.0_291), newCommandTimeout=0.0, browser=chrome_android, platformVersion=10, takesScreenshot=true, udid=R5CN211THBN, platformName=Android, deviceApiLevel=29.0, deviceManufacturer=samsung, deviceScreenSize=1080x2400, networkConnectionEnabled=true, orientation=PORTRAIT, warnings={}, os_version=10.0, browserstack.appium_version=1.17.0, mobile={browser=mobile, version=Samsung Galaxy S20 Plus-10.0}, databaseEnabled=false, orig_os=android, locationContextEnabled=false, deviceOrientation=portrait, deviceModel=SM-G986B, chromeOptions={args=[--proxy-bypass-list=<-loopback>, test-type, --proxy-server=http://85.209.178.9:26082, --disable-features=Translate], w3c=false}}]
Session ID: be5bad1e9b106c358d7aa87007ff180286d77965
*** Element info: {Using=xpath, value=//*[@class=' btn btn-plus y_outboundPassengerQtySelectorPlus y_adult']}
2022-02-24 21:09:11 INFO  Base:458 - Exception: 2x Adults Passenger in Passengers Page is Incremented
2022-02-24 21:09:24 INFO  Base:555 - no such element: Unable to locate element: {"method":"xpath","selector":"//div[@class='accessibility-need-sec']//child::span"}
  (Session info: chrome=96.0.4664.104)
  (Driver info: chromedriver=96.0.4664.45 (76e4c1bb2ab4671b8beba3444e61c0f17584b2fc-refs/branch-heads/4664@{#947}),platform=Linux 4.1.13-101.fc21.x86_64 x86_64) (WARNING: The server did not provide any stacktrace information)
Command duration or timeout: 10.74 seconds
For documentation on this error, please visit: http://seleniumhq.org/exceptions/no_such_element.html
Build info: version: '3.5.2', revision: '10229a9', time: '2017-08-21T17:29:55.15Z'
System info: host: 'DESKTOP-2Q44BFK', ip: '192.168.1.11', os.name: 'Windows 10', os.arch: 'amd64', os.version: '10.0', java.version: '1.8.0_291'
Driver info: org.openqa.selenium.remote.RemoteWebDriver
Capabilities [{appPackage=com.android.chrome, chromedriverPorts=[[18122.0, 18132.0]], deviceName=R5CN211THBN, acceptSslCerts=false, webStorageEnabled=false, acceptSslCert=false, browserName=chrome, javascriptEnabled=true, real_mobile=true, skipServerInstallation=true, 64bit=false, enablePerformanceLogging=false, systemPort=8202.0, chromedriverPort=18082.0, new_bucketing=true, version=, appActivity=com.google.android.apps.chrome.Main, browser_name=Android, realMobile=true, pixelRatio=2.8125, deviceScreenDensity=450.0, device=Samsung Galaxy S20 Plus, browserstack.is_hub_canary=false, statBarHeight=72.0, loggingPrefs={browser=SEVERE}, viewportRect={top=72.0, left=0.0, width=1080.0, height=2120.0}, platform=ANDROID, deviceUDID=R5CN211THBN, osVersion=10.0, detected_language=Apache-HttpClient/4.5.3 (Java/1.8.0_291), newCommandTimeout=0.0, browser=chrome_android, platformVersion=10, takesScreenshot=true, udid=R5CN211THBN, platformName=Android, deviceApiLevel=29.0, deviceManufacturer=samsung, deviceScreenSize=1080x2400, networkConnectionEnabled=true, orientation=PORTRAIT, warnings={}, os_version=10.0, browserstack.appium_version=1.17.0, mobile={browser=mobile, version=Samsung Galaxy S20 Plus-10.0}, databaseEnabled=false, orig_os=android, locationContextEnabled=false, deviceOrientation=portrait, deviceModel=SM-G986B, chromeOptions={args=[--proxy-bypass-list=<-loopback>, test-type, --proxy-server=http://85.209.178.9:26082, --disable-features=Translate], w3c=false}}]
Session ID: be5bad1e9b106c358d7aa87007ff180286d77965
*** Element info: {Using=xpath, value=//div[@class='accessibility-need-sec']//child::span}
2022-02-24 21:09:24 INFO  Base:556 - Exception: I have accessibility requirements in Passengers Page is not Selected
2022-02-24 21:09:37 INFO  Base:570 - no such element: Unable to locate element: {"method":"xpath","selector":"//div[@id='accordion-accessibility-adult_1_outbound']//child::h3"}
  (Session info: chrome=96.0.4664.104)
  (Driver info: chromedriver=96.0.4664.45 (76e4c1bb2ab4671b8beba3444e61c0f17584b2fc-refs/branch-heads/4664@{#947}),platform=Linux 4.1.13-101.fc21.x86_64 x86_64) (WARNING: The server did not provide any stacktrace information)
Command duration or timeout: 10.80 seconds
For documentation on this error, please visit: http://seleniumhq.org/exceptions/no_such_element.html
Build info: version: '3.5.2', revision: '10229a9', time: '2017-08-21T17:29:55.15Z'
System info: host: 'DESKTOP-2Q44BFK', ip: '192.168.1.11', os.name: 'Windows 10', os.arch: 'amd64', os.version: '10.0', java.version: '1.8.0_291'
Driver info: org.openqa.selenium.remote.RemoteWebDriver
Capabilities [{appPackage=com.android.chrome, chromedriverPorts=[[18122.0, 18132.0]], deviceName=R5CN211THBN, acceptSslCerts=false, webStorageEnabled=false, acceptSslCert=false, browserName=chrome, javascriptEnabled=true, real_mobile=true, skipServerInstallation=true, 64bit=false, enablePerformanceLogging=false, systemPort=8202.0, chromedriverPort=18082.0, new_bucketing=true, version=, appActivity=com.google.android.apps.chrome.Main, browser_name=Android, realMobile=true, pixelRatio=2.8125, deviceScreenDensity=450.0, device=Samsung Galaxy S20 Plus, browserstack.is_hub_canary=false, statBarHeight=72.0, loggingPrefs={browser=SEVERE}, viewportRect={top=72.0, left=0.0, width=1080.0, height=2120.0}, platform=ANDROID, deviceUDID=R5CN211THBN, osVersion=10.0, detected_language=Apache-HttpClient/4.5.3 (Java/1.8.0_291), newCommandTimeout=0.0, browser=chrome_android, platformVersion=10, takesScreenshot=true, udid=R5CN211THBN, platformName=Android, deviceApiLevel=29.0, deviceManufacturer=samsung, deviceScreenSize=1080x2400, networkConnectionEnabled=true, orientation=PORTRAIT, warnings={}, os_version=10.0, browserstack.appium_version=1.17.0, mobile={browser=mobile, version=Samsung Galaxy S20 Plus-10.0}, databaseEnabled=false, orig_os=android, locationContextEnabled=false, deviceOrientation=portrait, deviceModel=SM-G986B, chromeOptions={args=[--proxy-bypass-list=<-loopback>, test-type, --proxy-server=http://85.209.178.9:26082, --disable-features=Translate], w3c=false}}]
Session ID: be5bad1e9b106c358d7aa87007ff180286d77965
*** Element info: {Using=xpath, value=//div[@id='accordion-accessibility-adult_1_outbound']//child::h3}
2022-02-24 21:09:37 INFO  Base:571 - Exception: Passenger 1 - Hearing Impairment and Request a wheelchair is not Selected
2022-02-24 21:09:50 INFO  Base:585 - no such element: Unable to locate element: {"method":"xpath","selector":"//div[@id='accordion-accessibility-adult_2_outbound']//child::h3"}
  (Session info: chrome=96.0.4664.104)
  (Driver info: chromedriver=96.0.4664.45 (76e4c1bb2ab4671b8beba3444e61c0f17584b2fc-refs/branch-heads/4664@{#947}),platform=Linux 4.1.13-101.fc21.x86_64 x86_64) (WARNING: The server did not provide any stacktrace information)
Command duration or timeout: 10.73 seconds
For documentation on this error, please visit: http://seleniumhq.org/exceptions/no_such_element.html
Build info: version: '3.5.2', revision: '10229a9', time: '2017-08-21T17:29:55.15Z'
System info: host: 'DESKTOP-2Q44BFK', ip: '192.168.1.11', os.name: 'Windows 10', os.arch: 'amd64', os.version: '10.0', java.version: '1.8.0_291'
Driver info: org.openqa.selenium.remote.RemoteWebDriver
Capabilities [{appPackage=com.android.chrome, chromedriverPorts=[[18122.0, 18132.0]], deviceName=R5CN211THBN, acceptSslCerts=false, webStorageEnabled=false, acceptSslCert=false, browserName=chrome, javascriptEnabled=true, real_mobile=true, skipServerInstallation=true, 64bit=false, enablePerformanceLogging=false, systemPort=8202.0, chromedriverPort=18082.0, new_bucketing=true, version=, appActivity=com.google.android.apps.chrome.Main, browser_name=Android, realMobile=true, pixelRatio=2.8125, deviceScreenDensity=450.0, device=Samsung Galaxy S20 Plus, browserstack.is_hub_canary=false, statBarHeight=72.0, loggingPrefs={browser=SEVERE}, viewportRect={top=72.0, left=0.0, width=1080.0, height=2120.0}, platform=ANDROID, deviceUDID=R5CN211THBN, osVersion=10.0, detected_language=Apache-HttpClient/4.5.3 (Java/1.8.0_291), newCommandTimeout=0.0, browser=chrome_android, platformVersion=10, takesScreenshot=true, udid=R5CN211THBN, platformName=Android, deviceApiLevel=29.0, deviceManufacturer=samsung, deviceScreenSize=1080x2400, networkConnectionEnabled=true, orientation=PORTRAIT, warnings={}, os_version=10.0, browserstack.appium_version=1.17.0, mobile={browser=mobile, version=Samsung Galaxy S20 Plus-10.0}, databaseEnabled=false, orig_os=android, locationContextEnabled=false, deviceOrientation=portrait, deviceModel=SM-G986B, chromeOptions={args=[--proxy-bypass-list=<-loopback>, test-type, --proxy-server=http://85.209.178.9:26082, --disable-features=Translate], w3c=false}}]
Session ID: be5bad1e9b106c358d7aa87007ff180286d77965
*** Element info: {Using=xpath, value=//div[@id='accordion-accessibility-adult_2_outbound']//child::h3}
2022-02-24 21:09:50 INFO  Base:586 - Exception: Passenger 2 - Traveling with own wheelchair and Request boarding assistance is not Selected
2022-02-24 21:10:03 INFO  Base:600 - no such element: Unable to locate element: {"method":"xpath","selector":"//input[@id='proceed_to_sailing_selection_btn']"}
  (Session info: chrome=96.0.4664.104)
  (Driver info: chromedriver=96.0.4664.45 (76e4c1bb2ab4671b8beba3444e61c0f17584b2fc-refs/branch-heads/4664@{#947}),platform=Linux 4.1.13-101.fc21.x86_64 x86_64) (WARNING: The server did not provide any stacktrace information)
Command duration or timeout: 11.14 seconds
For documentation on this error, please visit: http://seleniumhq.org/exceptions/no_such_element.html
Build info: version: '3.5.2', revision: '10229a9', time: '2017-08-21T17:29:55.15Z'
System info: host: 'DESKTOP-2Q44BFK', ip: '192.168.1.11', os.name: 'Windows 10', os.arch: 'amd64', os.version: '10.0', java.version: '1.8.0_291'
Driver info: org.openqa.selenium.remote.RemoteWebDriver
Capabilities [{appPackage=com.android.chrome, chromedriverPorts=[[18122.0, 18132.0]], deviceName=R5CN211THBN, acceptSslCerts=false, webStorageEnabled=false, acceptSslCert=false, browserName=chrome, javascriptEnabled=true, real_mobile=true, skipServerInstallation=true, 64bit=false, enablePerformanceLogging=false, systemPort=8202.0, chromedriverPort=18082.0, new_bucketing=true, version=, appActivity=com.google.android.apps.chrome.Main, browser_name=Android, realMobile=true, pixelRatio=2.8125, deviceScreenDensity=450.0, device=Samsung Galaxy S20 Plus, browserstack.is_hub_canary=false, statBarHeight=72.0, loggingPrefs={browser=SEVERE}, viewportRect={top=72.0, left=0.0, width=1080.0, height=2120.0}, platform=ANDROID, deviceUDID=R5CN211THBN, osVersion=10.0, detected_language=Apache-HttpClient/4.5.3 (Java/1.8.0_291), newCommandTimeout=0.0, browser=chrome_android, platformVersion=10, takesScreenshot=true, udid=R5CN211THBN, platformName=Android, deviceApiLevel=29.0, deviceManufacturer=samsung, deviceScreenSize=1080x2400, networkConnectionEnabled=true, orientation=PORTRAIT, warnings={}, os_version=10.0, browserstack.appium_version=1.17.0, mobile={browser=mobile, version=Samsung Galaxy S20 Plus-10.0}, databaseEnabled=false, orig_os=android, locationContextEnabled=false, deviceOrientation=portrait, deviceModel=SM-G986B, chromeOptions={args=[--proxy-bypass-list=<-loopback>, test-type, --proxy-server=http://85.209.178.9:26082, --disable-features=Translate], w3c=false}}]
Session ID: be5bad1e9b106c358d7aa87007ff180286d77965
*** Element info: {Using=xpath, value=//input[@id='proceed_to_sailing_selection_btn']}
2022-02-24 21:10:03 INFO  Base:601 - Exception: Travelling without a vehicle in Passengers Page is not Selected
2022-02-24 21:10:15 INFO  Base:617 - no such element: Unable to locate element: {"method":"xpath","selector":"//*[@id='proceed_to_vehicle_selection_btn_div']/button"}
  (Session info: chrome=96.0.4664.104)
  (Driver info: chromedriver=96.0.4664.45 (76e4c1bb2ab4671b8beba3444e61c0f17584b2fc-refs/branch-heads/4664@{#947}),platform=Linux 4.1.13-101.fc21.x86_64 x86_64) (WARNING: The server did not provide any stacktrace information)
Command duration or timeout: 10.87 seconds
For documentation on this error, please visit: http://seleniumhq.org/exceptions/no_such_element.html
Build info: version: '3.5.2', revision: '10229a9', time: '2017-08-21T17:29:55.15Z'
System info: host: 'DESKTOP-2Q44BFK', ip: '192.168.1.11', os.name: 'Windows 10', os.arch: 'amd64', os.version: '10.0', java.version: '1.8.0_291'
Driver info: org.openqa.selenium.remote.RemoteWebDriver
Capabilities [{appPackage=com.android.chrome, chromedriverPorts=[[18122.0, 18132.0]], deviceName=R5CN211THBN, acceptSslCerts=false, webStorageEnabled=false, acceptSslCert=false, browserName=chrome, javascriptEnabled=true, real_mobile=true, skipServerInstallation=true, 64bit=false, enablePerformanceLogging=false, systemPort=8202.0, chromedriverPort=18082.0, new_bucketing=true, version=, appActivity=com.google.android.apps.chrome.Main, browser_name=Android, realMobile=true, pixelRatio=2.8125, deviceScreenDensity=450.0, device=Samsung Galaxy S20 Plus, browserstack.is_hub_canary=false, statBarHeight=72.0, loggingPrefs={browser=SEVERE}, viewportRect={top=72.0, left=0.0, width=1080.0, height=2120.0}, platform=ANDROID, deviceUDID=R5CN211THBN, osVersion=10.0, detected_language=Apache-HttpClient/4.5.3 (Java/1.8.0_291), newCommandTimeout=0.0, browser=chrome_android, platformVersion=10, takesScreenshot=true, udid=R5CN211THBN, platformName=Android, deviceApiLevel=29.0, deviceManufacturer=samsung, deviceScreenSize=1080x2400, networkConnectionEnabled=true, orientation=PORTRAIT, warnings={}, os_version=10.0, browserstack.appium_version=1.17.0, mobile={browser=mobile, version=Samsung Galaxy S20 Plus-10.0}, databaseEnabled=false, orig_os=android, locationContextEnabled=false, deviceOrientation=portrait, deviceModel=SM-G986B, chromeOptions={args=[--proxy-bypass-list=<-loopback>, test-type, --proxy-server=http://85.209.178.9:26082, --disable-features=Translate], w3c=false}}]
Session ID: be5bad1e9b106c358d7aa87007ff180286d77965
*** Element info: {Using=xpath, value=//*[@id='proceed_to_vehicle_selection_btn_div']/button}
2022-02-24 21:10:15 INFO  Base:618 - Exception: Clicking Continue in Passengers Page
2022-02-24 21:10:27 INFO  Base:1060 - no such element: Unable to locate element: {"method":"xpath","selector":"(//button[@class='btn btn-primary view-fare-btn sailing-btn'])[1]"}
  (Session info: chrome=96.0.4664.104)
  (Driver info: chromedriver=96.0.4664.45 (76e4c1bb2ab4671b8beba3444e61c0f17584b2fc-refs/branch-heads/4664@{#947}),platform=Linux 4.1.13-101.fc21.x86_64 x86_64) (WARNING: The server did not provide any stacktrace information)
Command duration or timeout: 10.75 seconds
For documentation on this error, please visit: http://seleniumhq.org/exceptions/no_such_element.html
Build info: version: '3.5.2', revision: '10229a9', time: '2017-08-21T17:29:55.15Z'
System info: host: 'DESKTOP-2Q44BFK', ip: '192.168.1.11', os.name: 'Windows 10', os.arch: 'amd64', os.version: '10.0', java.version: '1.8.0_291'
Driver info: org.openqa.selenium.remote.RemoteWebDriver
Capabilities [{appPackage=com.android.chrome, chromedriverPorts=[[18122.0, 18132.0]], deviceName=R5CN211THBN, acceptSslCerts=false, webStorageEnabled=false, acceptSslCert=false, browserName=chrome, javascriptEnabled=true, real_mobile=true, skipServerInstallation=true, 64bit=false, enablePerformanceLogging=false, systemPort=8202.0, chromedriverPort=18082.0, new_bucketing=true, version=, appActivity=com.google.android.apps.chrome.Main, browser_name=Android, realMobile=true, pixelRatio=2.8125, deviceScreenDensity=450.0, device=Samsung Galaxy S20 Plus, browserstack.is_hub_canary=false, statBarHeight=72.0, loggingPrefs={browser=SEVERE}, viewportRect={top=72.0, left=0.0, width=1080.0, height=2120.0}, platform=ANDROID, deviceUDID=R5CN211THBN, osVersion=10.0, detected_language=Apache-HttpClient/4.5.3 (Java/1.8.0_291), newCommandTimeout=0.0, browser=chrome_android, platformVersion=10, takesScreenshot=true, udid=R5CN211THBN, platformName=Android, deviceApiLevel=29.0, deviceManufacturer=samsung, deviceScreenSize=1080x2400, networkConnectionEnabled=true, orientation=PORTRAIT, warnings={}, os_version=10.0, browserstack.appium_version=1.17.0, mobile={browser=mobile, version=Samsung Galaxy S20 Plus-10.0}, databaseEnabled=false, orig_os=android, locationContextEnabled=false, deviceOrientation=portrait, deviceModel=SM-G986B, chromeOptions={args=[--proxy-bypass-list=<-loopback>, test-type, --proxy-server=http://85.209.178.9:26082, --disable-features=Translate], w3c=false}}]
Session ID: be5bad1e9b106c358d7aa87007ff180286d77965
*** Element info: {Using=xpath, value=(//button[@class='btn btn-primary view-fare-btn sailing-btn'])[1]}
2022-02-24 21:10:27 INFO  Base:1061 - Exception: Clicking View Fares Button in Fare Selection Page
2022-02-24 21:10:39 INFO  Base:1076 - no such element: Unable to locate element: {"method":"xpath","selector":"(//*[@class='btn btn-primary js-radio-select active'])[1]"}
  (Session info: chrome=96.0.4664.104)
  (Driver info: chromedriver=96.0.4664.45 (76e4c1bb2ab4671b8beba3444e61c0f17584b2fc-refs/branch-heads/4664@{#947}),platform=Linux 4.1.13-101.fc21.x86_64 x86_64) (WARNING: The server did not provide any stacktrace information)
Command duration or timeout: 10.73 seconds
For documentation on this error, please visit: http://seleniumhq.org/exceptions/no_such_element.html
Build info: version: '3.5.2', revision: '10229a9', time: '2017-08-21T17:29:55.15Z'
System info: host: 'DESKTOP-2Q44BFK', ip: '192.168.1.11', os.name: 'Windows 10', os.arch: 'amd64', os.version: '10.0', java.version: '1.8.0_291'
Driver info: org.openqa.selenium.remote.RemoteWebDriver
Capabilities [{appPackage=com.android.chrome, chromedriverPorts=[[18122.0, 18132.0]], deviceName=R5CN211THBN, acceptSslCerts=false, webStorageEnabled=false, acceptSslCert=false, browserName=chrome, javascriptEnabled=true, real_mobile=true, skipServerInstallation=true, 64bit=false, enablePerformanceLogging=false, systemPort=8202.0, chromedriverPort=18082.0, new_bucketing=true, version=, appActivity=com.google.android.apps.chrome.Main, browser_name=Android, realMobile=true, pixelRatio=2.8125, deviceScreenDensity=450.0, device=Samsung Galaxy S20 Plus, browserstack.is_hub_canary=false, statBarHeight=72.0, loggingPrefs={browser=SEVERE}, viewportRect={top=72.0, left=0.0, width=1080.0, height=2120.0}, platform=ANDROID, deviceUDID=R5CN211THBN, osVersion=10.0, detected_language=Apache-HttpClient/4.5.3 (Java/1.8.0_291), newCommandTimeout=0.0, browser=chrome_android, platformVersion=10, takesScreenshot=true, udid=R5CN211THBN, platformName=Android, deviceApiLevel=29.0, deviceManufacturer=samsung, deviceScreenSize=1080x2400, networkConnectionEnabled=true, orientation=PORTRAIT, warnings={}, os_version=10.0, browserstack.appium_version=1.17.0, mobile={browser=mobile, version=Samsung Galaxy S20 Plus-10.0}, databaseEnabled=false, orig_os=android, locationContextEnabled=false, deviceOrientation=portrait, deviceModel=SM-G986B, chromeOptions={args=[--proxy-bypass-list=<-loopback>, test-type, --proxy-server=http://85.209.178.9:26082, --disable-features=Translate], w3c=false}}]
Session ID: be5bad1e9b106c358d7aa87007ff180286d77965
*** Element info: {Using=xpath, value=(//*[@class='btn btn-primary js-radio-select active'])[1]}
2022-02-24 21:10:39 INFO  Base:1077 - Exception: Clicking Select Button in Fare Selection Page
